\BOOKMARK [1][-]{section.1}{\376\377\121\375\145\160\116\016\147\201\226\120}{}% 1
\BOOKMARK [2][-]{subsection.1.1}{\376\377\146\040\134\004\116\016\121\375\145\160}{section.1}% 2
\BOOKMARK [2][-]{subsection.1.2}{\376\377\145\160\122\027\166\204\147\201\226\120}{section.1}% 3
\BOOKMARK [2][-]{subsection.1.3}{\376\377\121\375\145\160\166\204\147\201\226\120}{section.1}% 4
\BOOKMARK [3][-]{subsubsection.1.3.1}{\376\377\121\375\145\160\147\201\226\120\166\204\133\232\116\111}{subsection.1.3}% 5
\BOOKMARK [3][-]{subsubsection.1.3.2}{\376\377\121\375\145\160\147\201\226\120\166\204\140\047\215\050}{subsection.1.3}% 6
\BOOKMARK [2][-]{subsection.1.4}{\376\377\145\340\172\167\131\047\116\016\145\340\172\167\134\017}{section.1}% 7
\BOOKMARK [2][-]{subsection.1.5}{\376\377\147\201\226\120\217\320\173\227\154\325\122\031}{section.1}% 8
\BOOKMARK [2][-]{subsection.1.6}{\376\377\147\201\226\120\133\130\127\050\121\306\122\031\000\040\116\044\116\052\221\315\211\201\147\201\226\120}{section.1}% 9
\BOOKMARK [2][-]{subsection.1.7}{\376\377\145\340\172\167\134\017\166\204\153\324\217\203}{section.1}% 10
\BOOKMARK [2][-]{subsection.1.8}{\376\377\121\375\145\160\166\204\217\336\176\355\140\047\116\016\225\364\145\255\160\271}{section.1}% 11
\BOOKMARK [2][-]{subsection.1.9}{\376\377\147\201\226\120\121\375\145\160\166\204\217\320\173\227\116\016\122\035\173\111\121\375\145\160\166\204\217\336\176\355\140\047}{section.1}% 12
\BOOKMARK [3][-]{subsubsection.1.9.1}{\376\377\217\336\176\355\121\375\145\160\166\204\124\214\060\001\135\356\060\001\171\357\060\001\125\106\166\204\217\336\176\355\140\047}{subsection.1.9}% 13
\BOOKMARK [3][-]{subsubsection.1.9.2}{\376\377\123\315\121\375\145\160\116\016\131\015\124\010\121\375\145\160\166\204\217\336\176\355\140\047}{subsection.1.9}% 14
\BOOKMARK [3][-]{subsubsection.1.9.3}{\376\377\122\035\173\111\121\375\145\160\166\204\217\336\176\355\140\047}{subsection.1.9}% 15
\BOOKMARK [2][-]{subsection.1.10}{\376\377\225\355\123\072\225\364\116\012\217\336\176\355\121\375\145\160\166\204\140\047\215\050}{section.1}% 16
\BOOKMARK [1][-]{section.2}{\376\377\133\374\145\160\116\016\137\256\122\006}{}% 17
\BOOKMARK [2][-]{subsection.2.1}{\376\377\133\374\145\160\151\202\137\365}{section.2}% 18
\BOOKMARK [2][-]{subsection.2.2}{\376\377\121\375\145\160\166\204\154\102\133\374\154\325\122\031}{section.2}% 19
\BOOKMARK [2][-]{subsection.2.3}{\376\377\232\330\226\066\133\374\145\160}{section.2}% 20
\BOOKMARK [2][-]{subsection.2.4}{\376\377\226\220\121\375\145\160\123\312\165\061\123\302\145\160\145\271\172\013\142\100\170\156\133\232\166\204\121\375\145\160\166\204\133\374\145\160\000\040\166\370\121\163\123\330\123\026\163\207}{section.2}% 21
\BOOKMARK [2][-]{subsection.2.5}{\376\377\121\375\145\160\166\204\137\256\122\006}{section.2}% 22
\BOOKMARK [1][-]{section.3}{\376\377\137\256\122\006\116\055\120\074\133\232\164\006\116\016\133\374\145\160\166\204\136\224\165\050}{}% 23
\BOOKMARK [2][-]{subsection.3.1}{\376\377\137\256\122\006\116\055\120\074\133\232\164\006}{section.3}% 24
\BOOKMARK [2][-]{subsection.3.2}{\376\377\155\033\137\305\217\276\154\325\122\031}{section.3}% 25
\BOOKMARK [2][-]{subsection.3.3}{\376\377\154\360\122\322\121\154\137\017}{section.3}% 26
\BOOKMARK [2][-]{subsection.3.4}{\376\377\121\375\145\160\166\204\123\125\214\003\140\047\116\016\146\362\176\277\166\204\121\371\121\370\140\047}{section.3}% 27
\BOOKMARK [2][-]{subsection.3.5}{\376\377\121\375\145\160\166\204\147\201\120\074\116\016\147\000\131\047\120\074\147\000\134\017\120\074}{section.3}% 28
\BOOKMARK [2][-]{subsection.3.6}{\376\377\146\362\163\207}{section.3}% 29
\BOOKMARK [1][-]{section.4}{\376\377\116\015\133\232\171\357\122\006}{}% 30
\BOOKMARK [2][-]{subsection.4.1}{\376\377\116\015\133\232\171\357\122\006\166\204\151\202\137\365\116\016\140\047\215\050}{section.4}% 31
\BOOKMARK [2][-]{subsection.4.2}{\376\377\143\142\121\103\171\357\122\006\154\325}{section.4}% 32
\BOOKMARK [3][-]{subsubsection.4.2.1}{\376\377\173\054\116\000\174\173\143\142\121\103\154\325}{subsection.4.2}% 33
\BOOKMARK [3][-]{subsubsection.4.2.2}{\376\377\173\054\116\214\174\173\143\142\121\103\154\325}{subsection.4.2}% 34
\BOOKMARK [2][-]{subsection.4.3}{\376\377\122\006\136\003\171\357\122\006\154\325}{section.4}% 35
\BOOKMARK [2][-]{subsection.4.4}{\376\377\147\011\164\006\121\375\145\160\166\204\171\357\122\006}{section.4}% 36
\BOOKMARK [1][-]{section.5}{\376\377\133\232\171\357\122\006}{}% 37
\BOOKMARK [2][-]{subsection.5.1}{\376\377\133\232\171\357\122\006\166\204\151\202\137\365\116\016\140\047\215\050}{section.5}% 38
\BOOKMARK [2][-]{subsection.5.2}{\376\377\137\256\171\357\122\006\127\372\147\054\121\154\137\017}{section.5}% 39
\BOOKMARK [2][-]{subsection.5.3}{\376\377\133\232\171\357\122\006\166\204\143\142\121\103\154\325\124\214\122\006\220\350\171\357\122\006\154\325}{section.5}% 40
\BOOKMARK [2][-]{subsection.5.4}{\376\377\123\315\136\070\171\357\122\006}{section.5}% 41
\BOOKMARK [1][-]{section.6}{\376\377\133\232\171\357\122\006\166\204\136\224\165\050}{}% 42
\BOOKMARK [1][-]{section.7}{\376\377\137\256\122\006\145\271\172\013}{}% 43
\BOOKMARK [2][-]{subsection.7.1}{\376\377\137\256\122\006\145\271\172\013\166\204\127\372\147\054\151\202\137\365}{section.7}% 44
\BOOKMARK [2][-]{subsection.7.2}{\376\377\123\357\122\006\171\273\123\330\221\317\166\204\137\256\122\006\145\271\172\013}{section.7}% 45
\BOOKMARK [2][-]{subsection.7.3}{\376\377\237\120\153\041\145\271\172\013}{section.7}% 46
\BOOKMARK [2][-]{subsection.7.4}{\376\377\116\000\226\066\176\277\140\047\137\256\122\006\145\271\172\013}{section.7}% 47
\BOOKMARK [2][-]{subsection.7.5}{\376\377\123\357\226\115\226\066\166\204\232\330\226\066\137\256\122\006\145\271\172\013}{section.7}% 48
\BOOKMARK [3][-]{subsubsection.7.5.1}{\376\377\000y\000\050\000n\000\051\000=\000f\000\050\000x\000\051\127\213\137\256\122\006\145\271\172\013}{subsection.7.5}% 49
\BOOKMARK [3][-]{subsubsection.7.5.2}{\376\377\000y\000'\000'\000=\000f\000\050\000x\000,\000y\000'\000\051\127\213\166\204\137\256\122\006\145\271\172\013}{subsection.7.5}% 50
\BOOKMARK [3][-]{subsubsection.7.5.3}{\376\377\000y\000'\000'\000=\000f\000\050\000y\000,\000y\000'\000\051\127\213\166\204\137\256\122\006\145\271\172\013}{subsection.7.5}% 51
\BOOKMARK [2][-]{subsection.7.6}{\376\377\232\330\226\066\176\277\140\047\137\256\122\006\145\271\172\013}{section.7}% 52
\BOOKMARK [2][-]{subsection.7.7}{\376\377\136\070\174\373\145\160\237\120\153\041\176\277\140\047\137\256\122\006\145\271\172\013}{section.7}% 53
\BOOKMARK [1][-]{section.8}{\376\377\124\021\221\317\116\343\145\160\116\016\172\172\225\364\211\343\147\220\121\340\117\125}{}% 54
\BOOKMARK [2][-]{subsection.8.1}{\376\377\124\021\221\317\123\312\121\166\176\277\140\047\217\320\173\227}{section.8}% 55
\BOOKMARK [1][-]{section.9}{\376\377\000A\000p\000p\000e\000n\000d\000i\000x}{}% 56
\BOOKMARK [1][-]{section*.2}{\376\377\000A\000p\000p\000e\000n\000d\000i\000c\000e\000s}{}% 57
\BOOKMARK [2][-]{subsection.1..1}{\376\377\000T\000r\000i\000g\000o\000n\000o\000m\000e\000t\000r\000y}{section*.2}% 58
\BOOKMARK [1][-]{appendix.10}{\376\377\000I\000n\000d\000e\000x}{}% 59
\BOOKMARK [1][-]{section*.3}{}{}% 60
