\BOOKMARK [1][-]{section.1}{Knowledge}{}% 1
\BOOKMARK [2][-]{subsection.1.1}{Knowledge\040base}{section.1}% 2
\BOOKMARK [2][-]{subsection.1.2}{Equivalence,\040generalization\040and\040specialization\040of\040knowledge}{section.1}% 3
\BOOKMARK [1][-]{section.2}{Imprecise\040categories,\040approximations\040and\040rough\040sets}{}% 4
\BOOKMARK [2][-]{subsection.2.1}{Rough\040sets}{section.2}% 5
\BOOKMARK [2][-]{subsection.2.2}{Approximations\040of\040set}{section.2}% 6
\BOOKMARK [2][-]{subsection.2.3}{Properties\040of\040approximations}{section.2}% 7
\BOOKMARK [2][-]{subsection.2.4}{Approximations\040and\040membership\040relation}{section.2}% 8
\BOOKMARK [2][-]{subsection.2.5}{Numerical\040characterization\040of\040imprecision}{section.2}% 9
\BOOKMARK [2][-]{subsection.2.6}{Topological\040characterization\040of\040imprecision}{section.2}% 10
\BOOKMARK [2][-]{subsection.2.7}{Approximation\040of\040classifications}{section.2}% 11
\BOOKMARK [2][-]{subsection.2.8}{Rough\040equality\040of\040sets}{section.2}% 12
\BOOKMARK [2][-]{subsection.2.9}{Rough\040inclusion\040of\040sets}{section.2}% 13
\BOOKMARK [1][-]{section.3}{Reduction\040of\040knowledge}{}% 14
\BOOKMARK [2][-]{subsection.3.1}{Reduct\040and\040Core\040of\040Knowledge}{section.3}% 15
\BOOKMARK [2][-]{subsection.3.2}{Relative\040reduct\040and\040relative\040core\040of\040knowledge}{section.3}% 16
\BOOKMARK [2][-]{subsection.3.3}{Reduction\040of\040categories}{section.3}% 17
\BOOKMARK [2][-]{subsection.3.4}{Relative\040reduct\040and\040core\040of\040categories}{section.3}% 18
\BOOKMARK [1][-]{section.4}{Dependencies\040in\040knowledge\040base}{}% 19
\BOOKMARK [2][-]{subsection.4.1}{Dependency\040of\040knowledge}{section.4}% 20
\BOOKMARK [2][-]{subsection.4.2}{Partial\040dependency\040of\040knowledge}{section.4}% 21
\BOOKMARK [1][-]{section.5}{Knowledege\040prepresentation}{}% 22
\BOOKMARK [2][-]{subsection.5.1}{Formal\040definition}{section.5}% 23
\BOOKMARK [2][-]{subsection.5.2}{Discernibility\040matrix}{section.5}% 24
\BOOKMARK [1][-]{section.6}{Decision\040tables}{}% 25
\BOOKMARK [2][-]{subsection.6.1}{Formal\040definition\040and\040some\040properties}{section.6}% 26
\BOOKMARK [2][-]{subsection.6.2}{Simplification\040of\040decision\040tables}{section.6}% 27
\BOOKMARK [1][-]{section.7}{Reasoning\040about\040knowledge}{}% 28
\BOOKMARK [2][-]{subsection.7.1}{The\040language\040of\040decision\040logic}{section.7}% 29
\BOOKMARK [2][-]{subsection.7.2}{Semantics\040of\040decision\040logic\040language}{section.7}% 30
\BOOKMARK [2][-]{subsection.7.3}{Deduction\040in\040decision\040logic}{section.7}% 31
\BOOKMARK [2][-]{subsection.7.4}{Normal\040forms}{section.7}% 32
\BOOKMARK [2][-]{subsection.7.5}{Decision\040rules\040and\040decision\040algorithms}{section.7}% 33
\BOOKMARK [2][-]{subsection.7.6}{Truth\040and\040indiscernibility}{section.7}% 34
\BOOKMARK [2][-]{subsection.7.7}{Dependency\040of\040attributes}{section.7}% 35
\BOOKMARK [2][-]{subsection.7.8}{Reduction\040of\040consistent\040algorithms}{section.7}% 36
\BOOKMARK [2][-]{subsection.7.9}{Reduction\040of\040inconsistent\040algorithms}{section.7}% 37
\BOOKMARK [2][-]{subsection.7.10}{reduction\040of\040decision\040rules}{section.7}% 38
\BOOKMARK [2][-]{subsection.7.11}{Minimization\040of\040decision\040algorithm}{section.7}% 39
