\BOOKMARK [1][-]{section.1}{\376\377\116\343\145\160\133\146\166\204\176\317\121\170\213\376\230\230}{}% 1
\BOOKMARK [2][-]{subsection.1.1}{\376\377\176\277\140\047\145\271\172\013\176\304}{section.1}% 2
\BOOKMARK [1][-]{section.2}{\376\377\124\021\221\317\172\172\225\364\124\214\167\351\226\065}{}% 3
\BOOKMARK [2][-]{subsection.2.1}{\376\377\000m\176\364\124\021\221\317\172\172\225\364}{section.2}% 4
\BOOKMARK [2][-]{subsection.2.2}{\376\377\167\351\226\065\166\204\171\351}{section.2}% 5
\BOOKMARK [2][-]{subsection.2.3}{\376\377\176\277\140\047\145\271\172\013\176\304\166\204\164\006\213\272\213\376\230\230}{section.2}% 6
\BOOKMARK [3][-]{subsubsection.2.3.1}{\376\377\237\120\153\041\176\277\140\047\145\271\172\013\176\304\166\204\127\372\170\100\211\343\174\373}{subsection.2.3}% 7
\BOOKMARK [3][-]{subsubsection.2.3.2}{\376\377\127\372\170\100\211\343\174\373\166\204\154\102\154\325}{subsection.2.3}% 8
\BOOKMARK [3][-]{subsubsection.2.3.3}{\376\377\176\277\140\047\145\271\172\013\176\304\166\204\116\000\202\054\164\006\213\272}{subsection.2.3}% 9
\BOOKMARK [2][-]{subsection.2.4}{\376\377\167\351\226\065\166\204\217\320\173\227}{section.2}% 10
\BOOKMARK [2][-]{subsection.2.5}{\376\377\000n\000\040\226\066\145\271\226\065}{section.2}% 11
\BOOKMARK [2][-]{subsection.2.6}{\376\377\122\006\127\127\167\351\226\065}{section.2}% 12
\BOOKMARK [3][-]{subsubsection.2.6.1}{\376\377\121\306\133\371\211\322\167\351\226\065}{subsection.2.6}% 13
\BOOKMARK [3][-]{subsubsection.2.6.2}{\376\377\122\006\127\127\167\351\226\065\166\204\171\351}{subsection.2.6}% 14
\BOOKMARK [3][-]{subsubsection.2.6.3}{\376\377\167\351\226\065\166\204\122\006\127\127\167\351\226\065}{subsection.2.6}% 15
\BOOKMARK [1][-]{section.3}{\376\377\210\114\122\027\137\017}{}% 16
\BOOKMARK [2][-]{subsection.3.1}{\376\377\136\163\210\114\121\155\227\142\117\123\166\204\147\011\124\021\117\123\171\357}{section.3}% 17
\BOOKMARK [2][-]{subsection.3.2}{\376\377\000n\226\066\145\271\226\065\166\204\210\114\122\027\137\017}{section.3}% 18
\BOOKMARK [3][-]{subsubsection.3.2.1}{\376\377\210\114\122\027\137\017\166\204\140\047\215\050}{subsection.3.2}% 19
\BOOKMARK [3][-]{subsubsection.3.2.2}{\376\377\210\114\122\027\137\017\133\371\116\373\141\017\210\114\377\010\122\027\377\011\166\204\134\125\137\000\121\154\137\017}{subsection.3.2}% 20
\BOOKMARK [3][-]{subsubsection.3.2.3}{\376\377\210\114\122\027\137\017\166\204\121\166\116\326\221\315\211\201\140\047\215\050}{subsection.3.2}% 21
\BOOKMARK [2][-]{subsection.3.3}{\376\377\210\114\122\027\137\017\166\204\122\035\153\145\136\224\165\050}{section.3}% 22
\BOOKMARK [3][-]{subsubsection.3.3.1}{\376\377\237\120\153\041\176\277\140\047\145\271\172\013\176\304}{subsection.3.3}% 23
\BOOKMARK [3][-]{subsubsection.3.3.2}{\376\377\220\006\167\351\226\065}{subsection.3.3}% 24
\BOOKMARK [3][-]{subsubsection.3.3.3}{\376\377\167\351\226\065\116\130\171\357\166\204\210\114\122\027\137\017}{subsection.3.3}% 25
\BOOKMARK [3][-]{subsubsection.3.3.4}{\376\377\167\351\226\065\166\204\171\351\127\337\210\114\122\027\137\017}{subsection.3.3}% 26
\BOOKMARK [1][-]{section.4}{\376\377\176\277\140\047\172\172\225\364\116\016\176\277\140\047\123\330\143\142}{}% 27
\BOOKMARK [2][-]{subsection.4.1}{\376\377\176\277\140\047\172\172\225\364\166\204\127\372\147\054\151\202\137\365}{section.4}% 28
\BOOKMARK [2][-]{subsection.4.2}{\376\377\133\120\172\172\225\364\116\016\125\106\172\172\225\364}{section.4}% 29
\BOOKMARK [2][-]{subsection.4.3}{\376\377\176\277\140\047\146\040\134\004\116\016\176\277\140\047\123\330\143\142}{section.4}% 30
\BOOKMARK [2][-]{subsection.4.4}{\376\377\176\277\140\047\123\330\143\142\166\204\162\171\137\201\120\074\116\016\162\171\137\201\124\021\221\317}{section.4}% 31
