\BOOKMARK [1][-]{section.1}{Chap1}{}% 1
\BOOKMARK [2][-]{subsection.1.1}{Taught}{section.1}% 2
\BOOKMARK [2][-]{subsection.1.2}{DBMS\(database\040management\040system\)}{section.1}% 3
\BOOKMARK [3][-]{subsubsection.1.2.1}{collection\040of\040interrelated\040data}{subsection.1.2}% 4
\BOOKMARK [2][-]{subsection.1.3}{DBMS\040solution}{section.1}% 5
\BOOKMARK [3][-]{subsubsection.1.3.1}{Commercial/freeware\040DBMS}{subsection.1.3}% 6
\BOOKMARK [3][-]{subsubsection.1.3.2}{Application\040programs}{subsection.1.3}% 7
\BOOKMARK [2][-]{subsection.1.4}{View\040of\040data}{section.1}% 8
\BOOKMARK [3][-]{subsubsection.1.4.1}{Levels\040of\040Abstraction}{subsection.1.4}% 9
\BOOKMARK [3][-]{subsubsection.1.4.2}{Instances\(实例\) and schemas\(模式\)}{subsection.1.4}% 10
\BOOKMARK [3][-]{subsubsection.1.4.3}{Data\040module}{subsection.1.4}% 11
\BOOKMARK [2][-]{subsection.1.5}{Relational\040database}{section.1}% 12
\BOOKMARK [3][-]{subsubsection.1.5.1}{Relational\040model}{subsection.1.5}% 13
\BOOKMARK [3][-]{subsubsection.1.5.2}{Data\040definition\040language\(DDL\)}{subsection.1.5}% 14
\BOOKMARK [3][-]{subsubsection.1.5.3}{Data\040manipulation\040language\(DML\)}{subsection.1.5}% 15
\BOOKMARK [2][-]{subsection.1.6}{SQL}{section.1}% 16
\BOOKMARK [3][-]{subsubsection.1.6.1}{Example}{subsection.1.6}% 17
\BOOKMARK [3][-]{subsubsection.1.6.2}{Database\040design}{subsection.1.6}% 18
\BOOKMARK [1][-]{section.2}{Chap2}{}% 19
\BOOKMARK [2][-]{subsection.2.1}{Structure\040of\040relational\040databases}{section.2}% 20
\BOOKMARK [2][-]{subsection.2.2}{Database\040schema}{section.2}% 21
\BOOKMARK [2][-]{subsection.2.3}{Keys}{section.2}% 22
\BOOKMARK [2][-]{subsection.2.4}{Relational\040query\040language}{section.2}% 23
\BOOKMARK [3][-]{subsubsection.2.4.1}{procedural,\040non-procedural,\040or\040declarative}{subsection.2.4}% 24
\BOOKMARK [3][-]{subsubsection.2.4.2}{"Pure"\040language}{subsection.2.4}% 25
\BOOKMARK [3][-]{subsubsection.2.4.3}{relational\040algebra}{subsection.2.4}% 26
\BOOKMARK [1][-]{section.3}{DONE\040}{}% 27
\BOOKMARK [1][-]{section.4}{Chap6}{}% 28
\BOOKMARK [2][-]{subsection.4.1}{Relational\040Algebra}{section.4}% 29
\BOOKMARK [3][-]{subsubsection.4.1.1}{selection\040operation}{subsection.4.1}% 30
\BOOKMARK [3][-]{subsubsection.4.1.2}{project\040operation}{subsection.4.1}% 31
\BOOKMARK [3][-]{subsubsection.4.1.3}{union\040operation}{subsection.4.1}% 32
\BOOKMARK [3][-]{subsubsection.4.1.4}{set\040difference\040operation}{subsection.4.1}% 33
\BOOKMARK [3][-]{subsubsection.4.1.5}{Cartesian\040product\040operation}{subsection.4.1}% 34
\BOOKMARK [3][-]{subsubsection.4.1.6}{rename\040operation}{subsection.4.1}% 35
\BOOKMARK [3][-]{subsubsection.4.1.7}{Additional\040operations}{subsection.4.1}% 36
\BOOKMARK [3][-]{subsubsection.4.1.8}{Logical\040equivalence\040of\040RA\040plans}{subsection.4.1}% 37
\BOOKMARK [2][-]{subsection.4.2}{extend\040relational\040algebra\040operations}{section.4}% 38
\BOOKMARK [3][-]{subsubsection.4.2.1}{generalized\040projection}{subsection.4.2}% 39
\BOOKMARK [3][-]{subsubsection.4.2.2}{Aggregate\040functions\040and\040operations}{subsection.4.2}% 40
\BOOKMARK [3][-]{subsubsection.4.2.3}{Multiset\040relational\040algebra}{subsection.4.2}% 41
\BOOKMARK [1][-]{section.5}{DONE\040}{}% 42
\BOOKMARK [1][-]{section.6}{Chap3}{}% 43
\BOOKMARK [2][-]{subsection.6.1}{SQL\040data\040definition}{section.6}% 44
\BOOKMARK [3][-]{subsubsection.6.1.1}{Basic\040types}{subsection.6.1}% 45
\BOOKMARK [3][-]{subsubsection.6.1.2}{Basic\040schema\040definition:\040table}{subsection.6.1}% 46
\BOOKMARK [3][-]{subsubsection.6.1.3}{update\040to\040table}{subsection.6.1}% 47
\BOOKMARK [2][-]{subsection.6.2}{Foreign\040key\040and\040primary\040key}{section.6}% 48
\BOOKMARK [2][-]{subsection.6.3}{Basic\040query\040structure}{section.6}% 49
\BOOKMARK [1][-]{section.7}{DONE\040}{}% 50
\BOOKMARK [1][-]{section.8}{Chap4}{}% 51
\BOOKMARK [2][-]{subsection.8.1}{Joined\040relations}{section.8}% 52
\BOOKMARK [2][-]{subsection.8.2}{View}{section.8}% 53
\BOOKMARK [3][-]{subsubsection.8.2.1}{Materialized\040views}{subsection.8.2}% 54
\BOOKMARK [3][-]{subsubsection.8.2.2}{Transaction}{subsection.8.2}% 55
\BOOKMARK [3][-]{subsubsection.8.2.3}{Integrated\040constraints}{subsection.8.2}% 56
\BOOKMARK [3][-]{subsubsection.8.2.4}{Referential\040integrity}{subsection.8.2}% 57
\BOOKMARK [2][-]{subsection.8.3}{Complex\040check\040clause}{section.8}% 58
\BOOKMARK [2][-]{subsection.8.4}{DATATYPE}{section.8}% 59
\BOOKMARK [3][-]{subsubsection.8.4.1}{Built-in\040data\040types\040in\040SQL}{subsection.8.4}% 60
\BOOKMARK [3][-]{subsubsection.8.4.2}{index\040creation}{subsection.8.4}% 61
\BOOKMARK [3][-]{subsubsection.8.4.3}{User-defined}{subsection.8.4}% 62
\BOOKMARK [3][-]{subsubsection.8.4.4}{large-object\040types}{subsection.8.4}% 63
\BOOKMARK [2][-]{subsection.8.5}{Authorization}{section.8}% 64
\BOOKMARK [3][-]{subsubsection.8.5.1}{Authorization\040specification\040in\040SQL}{subsection.8.5}% 65
\BOOKMARK [3][-]{subsubsection.8.5.2}{privileges\040in\040SQL}{subsection.8.5}% 66
\BOOKMARK [3][-]{subsubsection.8.5.3}{revoking\040authorization\040in\040SQL}{subsection.8.5}% 67
\BOOKMARK [3][-]{subsubsection.8.5.4}{role}{subsection.8.5}% 68
\BOOKMARK [3][-]{subsubsection.8.5.5}{Authorization\040on\040views}{subsection.8.5}% 69
\BOOKMARK [3][-]{subsubsection.8.5.6}{other\040authorization\040fearture}{subsection.8.5}% 70
\BOOKMARK [1][-]{section.9}{Chap5}{}% 71
\BOOKMARK [2][-]{subsection.9.1}{Trigger}{section.9}% 72
\BOOKMARK [3][-]{subsubsection.9.1.1}{example}{subsection.9.1}% 73
\BOOKMARK [3][-]{subsubsection.9.1.2}{triggering\040events\040and\040action\040in\040SQL}{subsection.9.1}% 74
\BOOKMARK [3][-]{subsubsection.9.1.3}{statement\040level\040triggers}{subsection.9.1}% 75
\BOOKMARK [2][-]{subsection.9.2}{Accessing\040SQL\040from\040a\040programming\040language}{section.9}% 76
\BOOKMARK [1][-]{section.10}{DONE\040}{}% 77
\BOOKMARK [1][-]{section.11}{Chap7:\040Entity-relationship\040model}{}% 78
\BOOKMARK [2][-]{subsection.11.1}{ER\040model}{section.11}% 79
\BOOKMARK [2][-]{subsection.11.2}{UML}{section.11}% 80
\BOOKMARK [1][-]{section.12}{DONE\040}{}% 81
\BOOKMARK [1][-]{section.13}{Chap8:\040Relational\040database\040design}{}% 82
\BOOKMARK [2][-]{subsection.13.1}{First\040normal\040form}{section.13}% 83
\BOOKMARK [2][-]{subsection.13.2}{Functional\040dependencies}{section.13}% 84
\BOOKMARK [2][-]{subsection.13.3}{Boyce-Codd\040normal\040form\040::}{section.13}% 85
\BOOKMARK [2][-]{subsection.13.4}{Third\040normal\040form}{section.13}% 86
\BOOKMARK [2][-]{subsection.13.5}{How\040good\040is\040BCNF}{section.13}% 87
\BOOKMARK [2][-]{subsection.13.6}{Closure\040of\040attributes\040sets}{section.13}% 88
\BOOKMARK [2][-]{subsection.13.7}{Algorithms\040for\040decomposition}{section.13}% 89
\BOOKMARK [3][-]{subsubsection.13.7.1}{BCNF}{subsection.13.7}% 90
\BOOKMARK [3][-]{subsubsection.13.7.2}{3NF\040decomposition}{subsection.13.7}% 91
\BOOKMARK [2][-]{subsection.13.8}{Decomposition\040using\040multivalued\040dependencies}{section.13}% 92
\BOOKMARK [1][-]{section.14}{Chap10}{}% 93
\BOOKMARK [2][-]{subsection.14.1}{Overview}{section.14}% 94
\BOOKMARK [2][-]{subsection.14.2}{Magnetic\040disk\040and\040flash\040storage}{section.14}% 95
\BOOKMARK [3][-]{subsubsection.14.2.1}{physical\040characteristics\040of\040disks}{subsection.14.2}% 96
\BOOKMARK [3][-]{subsubsection.14.2.2}{Performance\040measures\040of\040disks}{subsection.14.2}% 97
\BOOKMARK [3][-]{subsubsection.14.2.3}{optimization\040of\040disk-block\040access}{subsection.14.2}% 98
\BOOKMARK [3][-]{subsubsection.14.2.4}{flash\040storage}{subsection.14.2}% 99
\BOOKMARK [2][-]{subsection.14.3}{RAID\(Redundant\040arrays\040of\040independent\040disks\)}{section.14}% 100
\BOOKMARK [3][-]{subsubsection.14.3.1}{improvement\040in\040performance\040via\040parallelism}{subsection.14.3}% 101
\BOOKMARK [3][-]{subsubsection.14.3.2}{Raid\040level}{subsection.14.3}% 102
\BOOKMARK [2][-]{subsection.14.4}{File\040organization}{section.14}% 103
\BOOKMARK [3][-]{subsubsection.14.4.1}{fixed-length\040records}{subsection.14.4}% 104
\BOOKMARK [3][-]{subsubsection.14.4.2}{varaible-length\040record}{subsection.14.4}% 105
\BOOKMARK [3][-]{subsubsection.14.4.3}{organization\040of\040records\040in\040files}{subsection.14.4}% 106
\BOOKMARK [2][-]{subsection.14.5}{data\040dictionary\040storage}{section.14}% 107
\BOOKMARK [1][-]{section.15}{TODO\040}{}% 108
\BOOKMARK [1][-]{section.16}{Chap\04011}{}% 109
\BOOKMARK [2][-]{subsection.16.1}{Basic\040concepts}{section.16}% 110
\BOOKMARK [2][-]{subsection.16.2}{Ordered\040indices}{section.16}% 111
\BOOKMARK [2][-]{subsection.16.3}{B+-tree\040index\040files}{section.16}% 112
\BOOKMARK [2][-]{subsection.16.4}{B+-tree\040file\040organization}{section.16}% 113
\BOOKMARK [2][-]{subsection.16.5}{Bulk\040loading\040and\040bottom-up\040build}{section.16}% 114
\BOOKMARK [2][-]{subsection.16.6}{Multiple-key\040access}{section.16}% 115
\BOOKMARK [1][-]{section.17}{DONE\040}{}% 116
\BOOKMARK [1][-]{section.18}{chap12}{}% 117
\BOOKMARK [2][-]{subsection.18.1}{Measure\040of\040query\040cost}{section.18}% 118
\BOOKMARK [2][-]{subsection.18.2}{selectoin\040operation}{section.18}% 119
\BOOKMARK [3][-]{subsubsection.18.2.1}{file\040scan}{subsection.18.2}% 120
\BOOKMARK [3][-]{subsubsection.18.2.2}{index\040scan}{subsection.18.2}% 121
\BOOKMARK [3][-]{subsubsection.18.2.3}{selection\040involving\040comparisons}{subsection.18.2}% 122
\BOOKMARK [3][-]{subsubsection.18.2.4}{implementation\040of\040complex\040selections}{subsection.18.2}% 123
\BOOKMARK [2][-]{subsection.18.3}{external\040sort-merge}{section.18}% 124
\BOOKMARK [2][-]{subsection.18.4}{Join}{section.18}% 125
\BOOKMARK [3][-]{subsubsection.18.4.1}{nested-loop\040join}{subsection.18.4}% 126
\BOOKMARK [3][-]{subsubsection.18.4.2}{block\040nested-loop\040join}{subsection.18.4}% 127
\BOOKMARK [3][-]{subsubsection.18.4.3}{indexed\040nested-loop\040join}{subsection.18.4}% 128
\BOOKMARK [3][-]{subsubsection.18.4.4}{merge\040join}{subsection.18.4}% 129
\BOOKMARK [3][-]{subsubsection.18.4.5}{hash\040join}{subsection.18.4}% 130
\BOOKMARK [2][-]{subsection.18.5}{evaluation\040of\040expression}{section.18}% 131
\BOOKMARK [3][-]{subsubsection.18.5.1}{materialization}{subsection.18.5}% 132
\BOOKMARK [3][-]{subsubsection.18.5.2}{pipeline}{subsection.18.5}% 133
\BOOKMARK [1][-]{section.19}{TODO\040}{}% 134
\BOOKMARK [1][-]{section.20}{chap13}{}% 135
\BOOKMARK [2][-]{subsection.20.1}{overview}{section.20}% 136
\BOOKMARK [2][-]{subsection.20.2}{transformation}{section.20}% 137
