This is XeTeX, Version 3.14159265-2.6-0.99998 (TeX Live 2017/Debian) (preloaded format=xetex 2018.10.17)  15 MAY 2019 12:15
entering extended mode
 \write18 enabled.
 file:line:error style messages enabled.
 %&-line parsing enabled.
**preamble.tex
(./preamble.tex
./preamble.tex:1: Undefined control sequence.
l.1 \usepackage
               {forest}
The control sequence at the end of the top line
of your error message was never \def'ed. If you have
misspelled it (e.g., `\hobx'), type `I' and the correct
spelling (e.g., `I\hbox'). Otherwise just continue,
and I'll forget about whatever was undefined.

./preamble.tex:4: Undefined control sequence.
l.4 \forestset
              {
The control sequence at the end of the top line
of your error message was never \def'ed. If you have
misspelled it (e.g., `\hobx'), type `I' and the correct
spelling (e.g., `I\hbox'). Otherwise just continue,
and I'll forget about whatever was undefined.

./preamble.tex:15: Undefined control sequence.
l.15 \usepackage
                {mathtools}
The control sequence at the end of the top line
of your error message was never \def'ed. If you have
misspelled it (e.g., `\hobx'), type `I' and the correct
spelling (e.g., `I\hbox'). Otherwise just continue,
and I'll forget about whatever was undefined.

./preamble.tex:16: Undefined control sequence.
l.16 \usepackage
                {amsthm, mathabx, pgfplots, amsmath, commath}
The control sequence at the end of the top line
of your error message was never \def'ed. If you have
misspelled it (e.g., `\hobx'), type `I' and the correct
spelling (e.g., `I\hbox'). Otherwise just continue,
and I'll forget about whatever was undefined.

./preamble.tex:19: Undefined control sequence.
l.19 \newtheorem
                {theorem}{Theorem}[section]
The control sequence at the end of the top line
of your error message was never \def'ed. If you have
misspelled it (e.g., `\hobx'), type `I' and the correct
spelling (e.g., `I\hbox'). Otherwise just continue,
and I'll forget about whatever was undefined.

./preamble.tex:20: Undefined control sequence.
l.20 \newtheorem
                {definition}{Definition}[section]
The control sequence at the end of the top line
of your error message was never \def'ed. If you have
misspelled it (e.g., `\hobx'), type `I' and the correct
spelling (e.g., `I\hbox'). Otherwise just continue,
and I'll forget about whatever was undefined.

./preamble.tex:21: Undefined control sequence.
l.21 \newtheorem
                {corollary}{Corollary}[section]
The control sequence at the end of the top line
of your error message was never \def'ed. If you have
misspelled it (e.g., `\hobx'), type `I' and the correct
spelling (e.g., `I\hbox'). Otherwise just continue,
and I'll forget about whatever was undefined.

./preamble.tex:22: Undefined control sequence.
l.22 \newtheorem
                {example}{Example}[section]
The control sequence at the end of the top line
of your error message was never \def'ed. If you have
misspelled it (e.g., `\hobx'), type `I' and the correct
spelling (e.g., `I\hbox'). Otherwise just continue,
and I'll forget about whatever was undefined.

./preamble.tex:23: Undefined control sequence.
l.23 \newtheorem
                {lemma}{Lemma}[section]
The control sequence at the end of the top line
of your error message was never \def'ed. If you have
misspelled it (e.g., `\hobx'), type `I' and the correct
spelling (e.g., `I\hbox'). Otherwise just continue,
and I'll forget about whatever was undefined.

./preamble.tex:24: Undefined control sequence.
l.24 \newcommand
                {\bl}[1] {\boldsymbol{#1}}
The control sequence at the end of the top line
of your error message was never \def'ed. If you have
misspelled it (e.g., `\hobx'), type `I' and the correct
spelling (e.g., `I\hbox'). Otherwise just continue,
and I'll forget about whatever was undefined.

./preamble.tex:24: Undefined control sequence.
l.24 \newcommand{\bl
                    }[1] {\boldsymbol{#1}}
The control sequence at the end of the top line
of your error message was never \def'ed. If you have
misspelled it (e.g., `\hobx'), type `I' and the correct
spelling (e.g., `I\hbox'). Otherwise just continue,
and I'll forget about whatever was undefined.

./preamble.tex:24: Undefined control sequence.
l.24 \newcommand{\bl}[1] {\boldsymbol
                                     {#1}}
The control sequence at the end of the top line
of your error message was never \def'ed. If you have
misspelled it (e.g., `\hobx'), type `I' and the correct
spelling (e.g., `I\hbox'). Otherwise just continue,
and I'll forget about whatever was undefined.

./preamble.tex:24: You can't use `macro parameter character #' in horizontal mo
de.
l.24 \newcommand{\bl}[1] {\boldsymbol{#
                                       1}}
Sorry, but I'm not programmed to handle this case;
I'll just pretend that you didn't ask for it.
If you're in the wrong mode, you might be able to
return to the right one by typing `I}' or `I$' or `I\par'.

./preamble.tex:25: Undefined control sequence.
l.25 \newcommand
                {\Wt}[1] {\stackrel{\sim}{\smash{#1}\rule{0pt}{1.1ex}}}
The control sequence at the end of the top line
of your error message was never \def'ed. If you have
misspelled it (e.g., `\hobx'), type `I' and the correct
spelling (e.g., `I\hbox'). Otherwise just continue,
and I'll forget about whatever was undefined.

./preamble.tex:25: Undefined control sequence.
l.25 \newcommand{\Wt
                    }[1] {\stackrel{\sim}{\smash{#1}\rule{0pt}{1.1ex}}}
The control sequence at the end of the top line
of your error message was never \def'ed. If you have
misspelled it (e.g., `\hobx'), type `I' and the correct
spelling (e.g., `I\hbox'). Otherwise just continue,
and I'll forget about whatever was undefined.

./preamble.tex:25: Undefined control sequence.
l.25 \newcommand{\Wt}[1] {\stackrel
                                   {\sim}{\smash{#1}\rule{0pt}{1.1ex}}}
The control sequence at the end of the top line
of your error message was never \def'ed. If you have
misspelled it (e.g., `\hobx'), type `I' and the correct
spelling (e.g., `I\hbox'). Otherwise just continue,
and I'll forget about whatever was undefined.

./preamble.tex:25: Missing $ inserted.
<inserted text> 
                $
<to be read again> 
                   \sim 
l.25 \newcommand{\Wt}[1] {\stackrel{\sim
                                        }{\smash{#1}\rule{0pt}{1.1ex}}}
I've inserted a begin-math/end-math symbol since I think
you left one out. Proceed, with fingers crossed.

./preamble.tex:25: Extra }, or forgotten $.
l.25 \newcommand{\Wt}[1] {\stackrel{\sim}
                                         {\smash{#1}\rule{0pt}{1.1ex}}}
I've deleted a group-closing symbol because it seems to be
spurious, as in `$x}$'. But perhaps the } is legitimate and
you forgot something else, as in `\hbox{$x}'. In such cases
the way to recover is to insert both the forgotten and the
deleted material, e.g., by typing `I$}'.

./preamble.tex:25: You can't use `macro parameter character #' in math mode.
<argument> ##
             1
\mathsm@sh #1#2->\setbox \z@ \hbox {$\m@th #1{#2
                                                }$}\finsm@sh 
\mathpalette ...>\mathchoice {#1\displaystyle {#2}
                                                  }{#1\textstyle {#2}}{#1\sc...
l.25 ...ommand{\Wt}[1] {\stackrel{\sim}{\smash{#1}
                                                  \rule{0pt}{1.1ex}}}
Sorry, but I'm not programmed to handle this case;
I'll just pretend that you didn't ask for it.
If you're in the wrong mode, you might be able to
return to the right one by typing `I}' or `I$' or `I\par'.

./preamble.tex:25: You can't use `macro parameter character #' in math mode.
<argument> ##
             1
\mathsm@sh #1#2->\setbox \z@ \hbox {$\m@th #1{#2
                                                }$}\finsm@sh 
\mathpalette ...splaystyle {#2}}{#1\textstyle {#2}
                                                  }{#1\scriptstyle {#2}}{#1\...
l.25 ...ommand{\Wt}[1] {\stackrel{\sim}{\smash{#1}
                                                  \rule{0pt}{1.1ex}}}
Sorry, but I'm not programmed to handle this case;
I'll just pretend that you didn't ask for it.
If you're in the wrong mode, you might be able to
return to the right one by typing `I}' or `I$' or `I\par'.

./preamble.tex:25: You can't use `macro parameter character #' in math mode.
<argument> ##
             1
\mathsm@sh #1#2->\setbox \z@ \hbox {$\m@th #1{#2
                                                }$}\finsm@sh 
\mathpalette ...extstyle {#2}}{#1\scriptstyle {#2}
                                                  }{#1\scriptscriptstyle {#2}}
l.25 ...ommand{\Wt}[1] {\stackrel{\sim}{\smash{#1}
                                                  \rule{0pt}{1.1ex}}}
Sorry, but I'm not programmed to handle this case;
I'll just pretend that you didn't ask for it.
If you're in the wrong mode, you might be able to
return to the right one by typing `I}' or `I$' or `I\par'.

./preamble.tex:25: You can't use `macro parameter character #' in math mode.
<argument> ##
             1
\mathsm@sh #1#2->\setbox \z@ \hbox {$\m@th #1{#2
                                                }$}\finsm@sh 
\mathpalette ...le {#2}}{#1\scriptscriptstyle {#2}
                                                  }
l.25 ...ommand{\Wt}[1] {\stackrel{\sim}{\smash{#1}
                                                  \rule{0pt}{1.1ex}}}
Sorry, but I'm not programmed to handle this case;
I'll just pretend that you didn't ask for it.
If you're in the wrong mode, you might be able to
return to the right one by typing `I}' or `I$' or `I\par'.

./preamble.tex:25: Undefined control sequence.
l.25 ...d{\Wt}[1] {\stackrel{\sim}{\smash{#1}\rule
                                                  {0pt}{1.1ex}}}
The control sequence at the end of the top line
of your error message was never \def'ed. If you have
misspelled it (e.g., `\hobx'), type `I' and the correct
spelling (e.g., `I\hbox'). Otherwise just continue,
and I'll forget about whatever was undefined.

./preamble.tex:25: Extra }, or forgotten $.
l.25 ...ackrel{\sim}{\smash{#1}\rule{0pt}{1.1ex}}}
                                                  
I've deleted a group-closing symbol because it seems to be
spurious, as in `$x}$'. But perhaps the } is legitimate and
you forgot something else, as in `\hbox{$x}'. In such cases
the way to recover is to insert both the forgotten and the
deleted material, e.g., by typing `I$}'.

./preamble.tex:26: Undefined control sequence.
l.26 \newcommand
                {\wt}[1] {\widetilde{#1}}
The control sequence at the end of the top line
of your error message was never \def'ed. If you have
misspelled it (e.g., `\hobx'), type `I' and the correct
spelling (e.g., `I\hbox'). Otherwise just continue,
and I'll forget about whatever was undefined.

./preamble.tex:26: Undefined control sequence.
l.26 \newcommand{\wt
                    }[1] {\widetilde{#1}}
The control sequence at the end of the top line
of your error message was never \def'ed. If you have
misspelled it (e.g., `\hobx'), type `I' and the correct
spelling (e.g., `I\hbox'). Otherwise just continue,
and I'll forget about whatever was undefined.

./preamble.tex:26: You can't use `macro parameter character #' in math mode.
l.26 \newcommand{\wt}[1] {\widetilde{#
                                      1}}
Sorry, but I'm not programmed to handle this case;
I'll just pretend that you didn't ask for it.
If you're in the wrong mode, you might be able to
return to the right one by typing `I}' or `I$' or `I\par'.

./preamble.tex:34: Missing $ inserted.
<inserted text> 
                $
<to be read again> 
                   \par 
l.34 
     
I've inserted a begin-math/end-math symbol since I think
you left one out. Proceed, with fingers crossed.


Overfull \hbox (11.19043pt too wide) in paragraph at lines 19--34
[]\tenrm theoremTheorem[section] def-i-ni-tion-Def-i-ni-tion[section] corol-lar
yCorol-lary[section] ex-am-ple-Ex-am-ple[section]|

\hbox(7.5+2.5)x469.75499, glue set - 1.0
.\hbox(0.0+0.0)x20.0
.\tenrm t
.\tenrm h
.\tenrm e
.\tenrm o
.etc.

./preamble.tex:36: Undefined control sequence.
l.36 \DeclareMathSymbol
                       {\widehatsym}{\mathord}{largesymbols}{"62}
The control sequence at the end of the top line
of your error message was never \def'ed. If you have
misspelled it (e.g., `\hobx'), type `I' and the correct
spelling (e.g., `I\hbox'). Otherwise just continue,
and I'll forget about whatever was undefined.

./preamble.tex:36: Undefined control sequence.
l.36 \DeclareMathSymbol{\widehatsym
                                   }{\mathord}{largesymbols}{"62}
The control sequence at the end of the top line
of your error message was never \def'ed. If you have
misspelled it (e.g., `\hobx'), type `I' and the correct
spelling (e.g., `I\hbox'). Otherwise just continue,
and I'll forget about whatever was undefined.

./preamble.tex:36: Missing $ inserted.
<inserted text> 
                $
<to be read again> 
                   \mathord 
l.36 \DeclareMathSymbol{\widehatsym}{\mathord
                                             }{largesymbols}{"62}
I've inserted a begin-math/end-math symbol since I think
you left one out. Proceed, with fingers crossed.

./preamble.tex:36: Missing { inserted.
<to be read again> 
                   }
l.36 \DeclareMathSymbol{\widehatsym}{\mathord}
                                              {largesymbols}{"62}
A left brace was mandatory here, so I've put one in.
You might want to delete and/or insert some corrections
so that I will find a matching right brace soon.
(If you're confused by all this, try typing `I}' now.)

./preamble.tex:37: Undefined control sequence.
l.37 \newcommand
                \lowerwidehatsym{%
The control sequence at the end of the top line
of your error message was never \def'ed. If you have
misspelled it (e.g., `\hobx'), type `I' and the correct
spelling (e.g., `I\hbox'). Otherwise just continue,
and I'll forget about whatever was undefined.

./preamble.tex:37: Undefined control sequence.
l.37 \newcommand\lowerwidehatsym
                                {%
The control sequence at the end of the top line
of your error message was never \def'ed. If you have
misspelled it (e.g., `\hobx'), type `I' and the correct
spelling (e.g., `I\hbox'). Otherwise just continue,
and I'll forget about whatever was undefined.

./preamble.tex:38: Undefined control sequence.
l.38   \text
            {\smash{\raisebox{-1.3ex}{%
The control sequence at the end of the top line
of your error message was never \def'ed. If you have
misspelled it (e.g., `\hobx'), type `I' and the correct
spelling (e.g., `I\hbox'). Otherwise just continue,
and I'll forget about whatever was undefined.

./preamble.tex:39: Undefined control sequence.
<argument> \raisebox 
                     {-1.3ex}{$\widehatsym $}
\mathsm@sh #1#2->\setbox \z@ \hbox {$\m@th #1{#2
                                                }$}\finsm@sh 
\mathpalette ...>\mathchoice {#1\displaystyle {#2}
                                                  }{#1\textstyle {#2}}{#1\sc...
l.39     $\widehatsym$}}
                        }}
The control sequence at the end of the top line
of your error message was never \def'ed. If you have
misspelled it (e.g., `\hobx'), type `I' and the correct
spelling (e.g., `I\hbox'). Otherwise just continue,
and I'll forget about whatever was undefined.

./preamble.tex:39: Missing } inserted.
<inserted text> 
                }
<to be read again> 
                   $
<argument> \raisebox {-1.3ex}{$
                               \widehatsym $}
\mathsm@sh #1#2->\setbox \z@ \hbox {$\m@th #1{#2
                                                }$}\finsm@sh 
\mathpalette ...>\mathchoice {#1\displaystyle {#2}
                                                  }{#1\textstyle {#2}}{#1\sc...
l.39     $\widehatsym$}}
                        }}
I've inserted something that you may have forgotten.
(See the <inserted text> above.)
With luck, this will get me unwedged. But if you
really didn't forget anything, try typing `2' now; then
my insertion and my current dilemma will both disappear.

./preamble.tex:39: Missing } inserted.
<inserted text> 
                }
<to be read again> 
                   $
<argument> \raisebox {-1.3ex}{$
                               \widehatsym $}
\mathsm@sh #1#2->\setbox \z@ \hbox {$\m@th #1{#2
                                                }$}\finsm@sh 
\mathpalette ...>\mathchoice {#1\displaystyle {#2}
                                                  }{#1\textstyle {#2}}{#1\sc...
l.39     $\widehatsym$}}
                        }}
I've inserted something that you may have forgotten.
(See the <inserted text> above.)
With luck, this will get me unwedged. But if you
really didn't forget anything, try typing `2' now; then
my insertion and my current dilemma will both disappear.

./preamble.tex:39: Undefined control sequence.
<argument> \raisebox {-1.3ex}{$\widehatsym 
                                           $}
\mathsm@sh #1#2->\setbox \z@ \hbox {$\m@th #1{#2
                                                }$}\finsm@sh 
\mathpalette ...>\mathchoice {#1\displaystyle {#2}
                                                  }{#1\textstyle {#2}}{#1\sc...
l.39     $\widehatsym$}}
                        }}
The control sequence at the end of the top line
of your error message was never \def'ed. If you have
misspelled it (e.g., `\hobx'), type `I' and the correct
spelling (e.g., `I\hbox'). Otherwise just continue,
and I'll forget about whatever was undefined.

./preamble.tex:39: Extra }, or forgotten $.
<recently read> }
                 
\mathsm@sh #1#2->\setbox \z@ \hbox {$\m@th #1{#2
                                                }$}\finsm@sh 
\mathpalette ...>\mathchoice {#1\displaystyle {#2}
                                                  }{#1\textstyle {#2}}{#1\sc...
l.39     $\widehatsym$}}
                        }}
I've deleted a group-closing symbol because it seems to be
spurious, as in `$x}$'. But perhaps the } is legitimate and
you forgot something else, as in `\hbox{$x}'. In such cases
the way to recover is to insert both the forgotten and the
deleted material, e.g., by typing `I$}'.

./preamble.tex:39: Extra }, or forgotten $.
\mathsm@sh #1#2->\setbox \z@ \hbox {$\m@th #1{#2}
                                                 $}\finsm@sh 
\mathpalette ...>\mathchoice {#1\displaystyle {#2}
                                                  }{#1\textstyle {#2}}{#1\sc...
l.39     $\widehatsym$}}
                        }}
I've deleted a group-closing symbol because it seems to be
spurious, as in `$x}$'. But perhaps the } is legitimate and
you forgot something else, as in `\hbox{$x}'. In such cases
the way to recover is to insert both the forgotten and the
deleted material, e.g., by typing `I$}'.

./preamble.tex:39: Undefined control sequence.
<argument> \raisebox 
                     {-1.3ex}{$\widehatsym $}
\mathsm@sh #1#2->\setbox \z@ \hbox {$\m@th #1{#2
                                                }$}\finsm@sh 
\mathpalette ...splaystyle {#2}}{#1\textstyle {#2}
                                                  }{#1\scriptstyle {#2}}{#1\...
l.39     $\widehatsym$}}
                        }}
The control sequence at the end of the top line
of your error message was never \def'ed. If you have
misspelled it (e.g., `\hobx'), type `I' and the correct
spelling (e.g., `I\hbox'). Otherwise just continue,
and I'll forget about whatever was undefined.

./preamble.tex:39: Missing } inserted.
<inserted text> 
                }
<to be read again> 
                   $
<argument> \raisebox {-1.3ex}{$
                               \widehatsym $}
\mathsm@sh #1#2->\setbox \z@ \hbox {$\m@th #1{#2
                                                }$}\finsm@sh 
\mathpalette ...splaystyle {#2}}{#1\textstyle {#2}
                                                  }{#1\scriptstyle {#2}}{#1\...
l.39     $\widehatsym$}}
                        }}
I've inserted something that you may have forgotten.
(See the <inserted text> above.)
With luck, this will get me unwedged. But if you
really didn't forget anything, try typing `2' now; then
my insertion and my current dilemma will both disappear.

./preamble.tex:39: Missing } inserted.
<inserted text> 
                }
<to be read again> 
                   $
<argument> \raisebox {-1.3ex}{$
                               \widehatsym $}
\mathsm@sh #1#2->\setbox \z@ \hbox {$\m@th #1{#2
                                                }$}\finsm@sh 
\mathpalette ...splaystyle {#2}}{#1\textstyle {#2}
                                                  }{#1\scriptstyle {#2}}{#1\...
l.39     $\widehatsym$}}
                        }}
I've inserted something that you may have forgotten.
(See the <inserted text> above.)
With luck, this will get me unwedged. But if you
really didn't forget anything, try typing `2' now; then
my insertion and my current dilemma will both disappear.

./preamble.tex:39: Undefined control sequence.
<argument> \raisebox {-1.3ex}{$\widehatsym 
                                           $}
\mathsm@sh #1#2->\setbox \z@ \hbox {$\m@th #1{#2
                                                }$}\finsm@sh 
\mathpalette ...splaystyle {#2}}{#1\textstyle {#2}
                                                  }{#1\scriptstyle {#2}}{#1\...
l.39     $\widehatsym$}}
                        }}
The control sequence at the end of the top line
of your error message was never \def'ed. If you have
misspelled it (e.g., `\hobx'), type `I' and the correct
spelling (e.g., `I\hbox'). Otherwise just continue,
and I'll forget about whatever was undefined.

./preamble.tex:39: Extra }, or forgotten $.
<recently read> }
                 
\mathsm@sh #1#2->\setbox \z@ \hbox {$\m@th #1{#2
                                                }$}\finsm@sh 
\mathpalette ...splaystyle {#2}}{#1\textstyle {#2}
                                                  }{#1\scriptstyle {#2}}{#1\...
l.39     $\widehatsym$}}
                        }}
I've deleted a group-closing symbol because it seems to be
spurious, as in `$x}$'. But perhaps the } is legitimate and
you forgot something else, as in `\hbox{$x}'. In such cases
the way to recover is to insert both the forgotten and the
deleted material, e.g., by typing `I$}'.

./preamble.tex:39: Extra }, or forgotten $.
\mathsm@sh #1#2->\setbox \z@ \hbox {$\m@th #1{#2}
                                                 $}\finsm@sh 
\mathpalette ...splaystyle {#2}}{#1\textstyle {#2}
                                                  }{#1\scriptstyle {#2}}{#1\...
l.39     $\widehatsym$}}
                        }}
I've deleted a group-closing symbol because it seems to be
spurious, as in `$x}$'. But perhaps the } is legitimate and
you forgot something else, as in `\hbox{$x}'. In such cases
the way to recover is to insert both the forgotten and the
deleted material, e.g., by typing `I$}'.

./preamble.tex:39: Undefined control sequence.
<argument> \raisebox 
                     {-1.3ex}{$\widehatsym $}
\mathsm@sh #1#2->\setbox \z@ \hbox {$\m@th #1{#2
                                                }$}\finsm@sh 
\mathpalette ...extstyle {#2}}{#1\scriptstyle {#2}
                                                  }{#1\scriptscriptstyle {#2}}
l.39     $\widehatsym$}}
                        }}
The control sequence at the end of the top line
of your error message was never \def'ed. If you have
misspelled it (e.g., `\hobx'), type `I' and the correct
spelling (e.g., `I\hbox'). Otherwise just continue,
and I'll forget about whatever was undefined.

./preamble.tex:39: Missing } inserted.
<inserted text> 
                }
<to be read again> 
                   $
<argument> \raisebox {-1.3ex}{$
                               \widehatsym $}
\mathsm@sh #1#2->\setbox \z@ \hbox {$\m@th #1{#2
                                                }$}\finsm@sh 
\mathpalette ...extstyle {#2}}{#1\scriptstyle {#2}
                                                  }{#1\scriptscriptstyle {#2}}
l.39     $\widehatsym$}}
                        }}
I've inserted something that you may have forgotten.
(See the <inserted text> above.)
With luck, this will get me unwedged. But if you
really didn't forget anything, try typing `2' now; then
my insertion and my current dilemma will both disappear.

./preamble.tex:39: Missing } inserted.
<inserted text> 
                }
<to be read again> 
                   $
<argument> \raisebox {-1.3ex}{$
                               \widehatsym $}
\mathsm@sh #1#2->\setbox \z@ \hbox {$\m@th #1{#2
                                                }$}\finsm@sh 
\mathpalette ...extstyle {#2}}{#1\scriptstyle {#2}
                                                  }{#1\scriptscriptstyle {#2}}
l.39     $\widehatsym$}}
                        }}
I've inserted something that you may have forgotten.
(See the <inserted text> above.)
With luck, this will get me unwedged. But if you
really didn't forget anything, try typing `2' now; then
my insertion and my current dilemma will both disappear.

./preamble.tex:39: Undefined control sequence.
<argument> \raisebox {-1.3ex}{$\widehatsym 
                                           $}
\mathsm@sh #1#2->\setbox \z@ \hbox {$\m@th #1{#2
                                                }$}\finsm@sh 
\mathpalette ...extstyle {#2}}{#1\scriptstyle {#2}
                                                  }{#1\scriptscriptstyle {#2}}
l.39     $\widehatsym$}}
                        }}
The control sequence at the end of the top line
of your error message was never \def'ed. If you have
misspelled it (e.g., `\hobx'), type `I' and the correct
spelling (e.g., `I\hbox'). Otherwise just continue,
and I'll forget about whatever was undefined.

./preamble.tex:39: Extra }, or forgotten $.
<recently read> }
                 
\mathsm@sh #1#2->\setbox \z@ \hbox {$\m@th #1{#2
                                                }$}\finsm@sh 
\mathpalette ...extstyle {#2}}{#1\scriptstyle {#2}
                                                  }{#1\scriptscriptstyle {#2}}
l.39     $\widehatsym$}}
                        }}
I've deleted a group-closing symbol because it seems to be
spurious, as in `$x}$'. But perhaps the } is legitimate and
you forgot something else, as in `\hbox{$x}'. In such cases
the way to recover is to insert both the forgotten and the
deleted material, e.g., by typing `I$}'.

./preamble.tex:39: Extra }, or forgotten $.
\mathsm@sh #1#2->\setbox \z@ \hbox {$\m@th #1{#2}
                                                 $}\finsm@sh 
\mathpalette ...extstyle {#2}}{#1\scriptstyle {#2}
                                                  }{#1\scriptscriptstyle {#2}}
l.39     $\widehatsym$}}
                        }}
I've deleted a group-closing symbol because it seems to be
spurious, as in `$x}$'. But perhaps the } is legitimate and
you forgot something else, as in `\hbox{$x}'. In such cases
the way to recover is to insert both the forgotten and the
deleted material, e.g., by typing `I$}'.

./preamble.tex:39: Undefined control sequence.
<argument> \raisebox 
                     {-1.3ex}{$\widehatsym $}
\mathsm@sh #1#2->\setbox \z@ \hbox {$\m@th #1{#2
                                                }$}\finsm@sh 
\mathpalette ...le {#2}}{#1\scriptscriptstyle {#2}
                                                  }
l.39     $\widehatsym$}}
                        }}
The control sequence at the end of the top line
of your error message was never \def'ed. If you have
misspelled it (e.g., `\hobx'), type `I' and the correct
spelling (e.g., `I\hbox'). Otherwise just continue,
and I'll forget about whatever was undefined.

./preamble.tex:39: Missing } inserted.
<inserted text> 
                }
<to be read again> 
                   $
<argument> \raisebox {-1.3ex}{$
                               \widehatsym $}
\mathsm@sh #1#2->\setbox \z@ \hbox {$\m@th #1{#2
                                                }$}\finsm@sh 
\mathpalette ...le {#2}}{#1\scriptscriptstyle {#2}
                                                  }
l.39     $\widehatsym$}}
                        }}
I've inserted something that you may have forgotten.
(See the <inserted text> above.)
With luck, this will get me unwedged. But if you
really didn't forget anything, try typing `2' now; then
my insertion and my current dilemma will both disappear.

./preamble.tex:39: Missing } inserted.
<inserted text> 
                }
<to be read again> 
                   $
<argument> \raisebox {-1.3ex}{$
                               \widehatsym $}
\mathsm@sh #1#2->\setbox \z@ \hbox {$\m@th #1{#2
                                                }$}\finsm@sh 
\mathpalette ...le {#2}}{#1\scriptscriptstyle {#2}
                                                  }
l.39     $\widehatsym$}}
                        }}
I've inserted something that you may have forgotten.
(See the <inserted text> above.)
With luck, this will get me unwedged. But if you
really didn't forget anything, try typing `2' now; then
my insertion and my current dilemma will both disappear.

./preamble.tex:39: Undefined control sequence.
<argument> \raisebox {-1.3ex}{$\widehatsym 
                                           $}
\mathsm@sh #1#2->\setbox \z@ \hbox {$\m@th #1{#2
                                                }$}\finsm@sh 
\mathpalette ...le {#2}}{#1\scriptscriptstyle {#2}
                                                  }
l.39     $\widehatsym$}}
                        }}
The control sequence at the end of the top line
of your error message was never \def'ed. If you have
misspelled it (e.g., `\hobx'), type `I' and the correct
spelling (e.g., `I\hbox'). Otherwise just continue,
and I'll forget about whatever was undefined.

./preamble.tex:39: Extra }, or forgotten $.
<recently read> }
                 
\mathsm@sh #1#2->\setbox \z@ \hbox {$\m@th #1{#2
                                                }$}\finsm@sh 
\mathpalette ...le {#2}}{#1\scriptscriptstyle {#2}
                                                  }
l.39     $\widehatsym$}}
                        }}
I've deleted a group-closing symbol because it seems to be
spurious, as in `$x}$'. But perhaps the } is legitimate and
you forgot something else, as in `\hbox{$x}'. In such cases
the way to recover is to insert both the forgotten and the
deleted material, e.g., by typing `I$}'.

./preamble.tex:39: Extra }, or forgotten $.
\mathsm@sh #1#2->\setbox \z@ \hbox {$\m@th #1{#2}
                                                 $}\finsm@sh 
\mathpalette ...le {#2}}{#1\scriptscriptstyle {#2}
                                                  }
l.39     $\widehatsym$}}
                        }}
I've deleted a group-closing symbol because it seems to be
spurious, as in `$x}$'. But perhaps the } is legitimate and
you forgot something else, as in `\hbox{$x}'. In such cases
the way to recover is to insert both the forgotten and the
deleted material, e.g., by typing `I$}'.

./preamble.tex:40: Undefined control sequence.
l.40 \newcommand
                \fixwidehat[1]{%
The control sequence at the end of the top line
of your error message was never \def'ed. If you have
misspelled it (e.g., `\hobx'), type `I' and the correct
spelling (e.g., `I\hbox'). Otherwise just continue,
and I'll forget about whatever was undefined.

./preamble.tex:40: Undefined control sequence.
l.40 \newcommand\fixwidehat
                           [1]{%
The control sequence at the end of the top line
of your error message was never \def'ed. If you have
misspelled it (e.g., `\hobx'), type `I' and the correct
spelling (e.g., `I\hbox'). Otherwise just continue,
and I'll forget about whatever was undefined.

./preamble.tex:42: Undefined control sequence.
l.42     {\accentset
                    {\displaystyle\lowerwidehatsym}{#1}}
The control sequence at the end of the top line
of your error message was never \def'ed. If you have
misspelled it (e.g., `\hobx'), type `I' and the correct
spelling (e.g., `I\hbox'). Otherwise just continue,
and I'll forget about whatever was undefined.

./preamble.tex:42: Undefined control sequence.
l.42     {\accentset{\displaystyle\lowerwidehatsym
                                                  }{#1}}
The control sequence at the end of the top line
of your error message was never \def'ed. If you have
misspelled it (e.g., `\hobx'), type `I' and the correct
spelling (e.g., `I\hbox'). Otherwise just continue,
and I'll forget about whatever was undefined.

./preamble.tex:42: You can't use `macro parameter character #' in math mode.
l.42 ...accentset{\displaystyle\lowerwidehatsym}{#
                                                  1}}
Sorry, but I'm not programmed to handle this case;
I'll just pretend that you didn't ask for it.
If you're in the wrong mode, you might be able to
return to the right one by typing `I}' or `I$' or `I\par'.

./preamble.tex:43: Undefined control sequence.
l.43     {\accentset
                    {\textstyle\lowerwidehatsym}{#1}}
The control sequence at the end of the top line
of your error message was never \def'ed. If you have
misspelled it (e.g., `\hobx'), type `I' and the correct
spelling (e.g., `I\hbox'). Otherwise just continue,
and I'll forget about whatever was undefined.

./preamble.tex:43: Undefined control sequence.
l.43     {\accentset{\textstyle\lowerwidehatsym
                                               }{#1}}
The control sequence at the end of the top line
of your error message was never \def'ed. If you have
misspelled it (e.g., `\hobx'), type `I' and the correct
spelling (e.g., `I\hbox'). Otherwise just continue,
and I'll forget about whatever was undefined.

./preamble.tex:43: You can't use `macro parameter character #' in math mode.
l.43     {\accentset{\textstyle\lowerwidehatsym}{#
                                                  1}}
Sorry, but I'm not programmed to handle this case;
I'll just pretend that you didn't ask for it.
If you're in the wrong mode, you might be able to
return to the right one by typing `I}' or `I$' or `I\par'.

./preamble.tex:44: Undefined control sequence.
l.44     {\accentset
                    {\scriptstyle\lowerwidehatsym}{#1}}
The control sequence at the end of the top line
of your error message was never \def'ed. If you have
misspelled it (e.g., `\hobx'), type `I' and the correct
spelling (e.g., `I\hbox'). Otherwise just continue,
and I'll forget about whatever was undefined.

./preamble.tex:44: Undefined control sequence.
l.44     {\accentset{\scriptstyle\lowerwidehatsym
                                                 }{#1}}
The control sequence at the end of the top line
of your error message was never \def'ed. If you have
misspelled it (e.g., `\hobx'), type `I' and the correct
spelling (e.g., `I\hbox'). Otherwise just continue,
and I'll forget about whatever was undefined.

./preamble.tex:44: You can't use `macro parameter character #' in math mode.
l.44 ...\accentset{\scriptstyle\lowerwidehatsym}{#
                                                  1}}
Sorry, but I'm not programmed to handle this case;
I'll just pretend that you didn't ask for it.
If you're in the wrong mode, you might be able to
return to the right one by typing `I}' or `I$' or `I\par'.

./preamble.tex:45: Undefined control sequence.
l.45     {\accentset
                    {\scriptscriptstyle\lowerwidehatsym}{#1}}
The control sequence at the end of the top line
of your error message was never \def'ed. If you have
misspelled it (e.g., `\hobx'), type `I' and the correct
spelling (e.g., `I\hbox'). Otherwise just continue,
and I'll forget about whatever was undefined.

./preamble.tex:45: Undefined control sequence.
l.45 ...centset{\scriptscriptstyle\lowerwidehatsym
                                                  }{#1}}
The control sequence at the end of the top line
of your error message was never \def'ed. If you have
misspelled it (e.g., `\hobx'), type `I' and the correct
spelling (e.g., `I\hbox'). Otherwise just continue,
and I'll forget about whatever was undefined.

./preamble.tex:45: You can't use `macro parameter character #' in math mode.
l.45 ...tset{\scriptscriptstyle\lowerwidehatsym}{#
                                                  1}}
Sorry, but I'm not programmed to handle this case;
I'll just pretend that you didn't ask for it.
If you're in the wrong mode, you might be able to
return to the right one by typing `I}' or `I$' or `I\par'.

./preamble.tex:47: Missing $ inserted.
<inserted text> 
                $
<to be read again> 
                   \par 
l.47 
     
I've inserted a begin-math/end-math symbol since I think
you left one out. Proceed, with fingers crossed.

./preamble.tex:48: Undefined control sequence.
l.48 \usepackage
                {graphicx}
The control sequence at the end of the top line
of your error message was never \def'ed. If you have
misspelled it (e.g., `\hobx'), type `I' and the correct
spelling (e.g., `I\hbox'). Otherwise just continue,
and I'll forget about whatever was undefined.

./preamble.tex:51: Undefined control sequence.
l.51 \makeatletter
                  
The control sequence at the end of the top line
of your error message was never \def'ed. If you have
misspelled it (e.g., `\hobx'), type `I' and the correct
spelling (e.g., `I\hbox'). Otherwise just continue,
and I'll forget about whatever was undefined.

./preamble.tex:53: Undefined control sequence.
l.53 \makeatother
                 
The control sequence at the end of the top line
of your error message was never \def'ed. If you have
misspelled it (e.g., `\hobx'), type `I' and the correct
spelling (e.g., `I\hbox'). Otherwise just continue,
and I'll forget about whatever was undefined.

)
! Emergency stop.
<*> preamble.tex
                
*** (job aborted, no legal \end found)

No pages of output.
