This is XeTeX, Version 3.14159265-2.6-0.999991 (TeX Live 2019/Debian) (preloaded format=xelatex 2019.7.14)  1 AUG 2019 22:32
entering extended mode
 restricted \write18 enabled.
 %&-line parsing enabled.
**&xelatex prv_UncertaintyandVagueness.org.ini \nonstopmode\nofiles\PassOptionsToPackage{active,tightpage,auctex}{preview}\AtBeginDocument{\ifx\ifPreview\undefined\RequirePackage[displaymath,floats,graphics,textmath,sections,footnotes]{preview}[2004/11/05]\fi} \input {\detokenize{ UncertaintyandVagueness.org.tex }}
(./prv_UncertaintyandVagueness.org.ini
LaTeX2e <2018-12-01>
(/usr/share/texlive/texmf-dist/tex/latex/carlisle/mylatex.ltx) (/usr/share/texlive/texmf-dist/tex/latex/tools/.tex File ignored))
No auxiliary output files.


! LaTeX Error: File ` UncertaintyandVagueness.org.tex ' not found.

Type X to quit or <RETURN> to proceed,
or enter new name. (Default extension: org.tex )

Enter file name: 
! Emergency stop.
<read *> 
         
<*> ...okenize{ UncertaintyandVagueness.org.tex }}
                                                  ^^M
*** (cannot \read from terminal in nonstop modes)

 
Here is how much of TeX's memory you used:
 26 strings out of 492909
 651 string characters out of 6135047
 64536 words of memory out of 5000000
 4174 multiletter control sequences out of 15000+600000
 3640 words of font info for 14 fonts, out of 8000000 for 9000
 1348 hyphenation exceptions out of 8191
 4i,0n,6p,448b,12s stack positions out of 5000i,500n,10000p,200000b,80000s
No pages of output.
