\BOOKMARK [1][-]{section.1}{Things\040Past}{}% 1
\BOOKMARK [2][-]{subsection.1.1}{Some\040Number\040Theory}{section.1}% 2
\BOOKMARK [2][-]{subsection.1.2}{Roots\040of\040Unity}{section.1}% 3
\BOOKMARK [2][-]{subsection.1.3}{Some\040Set\040Theory}{section.1}% 4
\BOOKMARK [1][-]{section.2}{Group\040I}{}% 5
\BOOKMARK [2][-]{subsection.2.1}{Permutations}{section.2}% 6
\BOOKMARK [2][-]{subsection.2.2}{Groups}{section.2}% 7
\BOOKMARK [2][-]{subsection.2.3}{Lagrange's\040Theorem}{section.2}% 8
\BOOKMARK [2][-]{subsection.2.4}{Homomorphisms}{section.2}% 9
\BOOKMARK [2][-]{subsection.2.5}{Quotient\040group}{section.2}% 10
\BOOKMARK [2][-]{subsection.2.6}{Group\040Actions}{section.2}% 11
\BOOKMARK [1][-]{section.3}{Commuctative\040Rings\040I}{}% 12
\BOOKMARK [2][-]{subsection.3.1}{First\040Properties}{section.3}% 13
\BOOKMARK [2][-]{subsection.3.2}{Polynomials}{section.3}% 14
\BOOKMARK [2][-]{subsection.3.3}{Greatest\040Common\040Divisors}{section.3}% 15
\BOOKMARK [2][-]{subsection.3.4}{Homomorphisms}{section.3}% 16
\BOOKMARK [2][-]{subsection.3.5}{Euclidean\040Rings}{section.3}% 17
\BOOKMARK [2][-]{subsection.3.6}{Linear\040Algebra}{section.3}% 18
\BOOKMARK [2][-]{subsection.3.7}{Quotient\040Rings\040and\040Finite\040Fields}{section.3}% 19
\BOOKMARK [1][-]{section.4}{Index}{}% 20
\BOOKMARK [1][-]{section*.5}{Index}{}% 21
