\BOOKMARK [1][-]{section.1}{scope\040[57\045]}{}% 1
\BOOKMARK [1][-]{section.2}{Basic\040concepts\040for\040filling\040in\040blanks\040or\040single\040choice\040[50\045]}{}% 2
\BOOKMARK [1][-]{section.3}{solving\040problems\040by\040search}{}% 3
\BOOKMARK [2][-]{subsection.3.1}{uninformed\040search}{section.3}% 4
\BOOKMARK [2][-]{subsection.3.2}{Informed\040search\040strategies}{section.3}% 5
\BOOKMARK [1][-]{section.4}{Adversarial\040search}{}% 6
\BOOKMARK [2][-]{subsection.4.1}{Minimax\040search}{section.4}% 7
\BOOKMARK [2][-]{subsection.4.2}{evaluation\040function}{section.4}% 8
\BOOKMARK [2][-]{subsection.4.3}{Alpha-Beta\040Pruning\040Search}{section.4}% 9
\BOOKMARK [2][-]{subsection.4.4}{Monte-Carlo\040Tree\040Search}{section.4}% 10
\BOOKMARK [1][-]{section.5}{Inference\040and\040Reasoning}{}% 11
\BOOKMARK [2][-]{subsection.5.1}{Propositional\040logic}{section.5}% 12
\BOOKMARK [2][-]{subsection.5.2}{Predicate\040logic}{section.5}% 13
\BOOKMARK [2][-]{subsection.5.3}{First\040Order\040Inductive\040Learner}{section.5}% 14
\BOOKMARK [1][-]{section.6}{Statistical\040learning\040and\040modeling}{}% 15
\BOOKMARK [2][-]{subsection.6.1}{Machine\040Learning:\040the\040concept}{section.6}% 16
\BOOKMARK [3][-]{subsubsection.6.1.1}{Example\040and\040concept}{subsection.6.1}% 17
\BOOKMARK [3][-]{subsubsection.6.1.2}{supervised\040learning:\040important\040concepts}{subsection.6.1}% 18
\BOOKMARK [2][-]{subsection.6.2}{example:\040polynomial\040curve\040fitting}{section.6}% 19
\BOOKMARK [2][-]{subsection.6.3}{probability\040theory\040review\040and\040notation}{section.6}% 20
\BOOKMARK [2][-]{subsection.6.4}{information\040theory}{section.6}% 21
\BOOKMARK [2][-]{subsection.6.5}{The\040gaussian\040distribution}{section.6}% 22
\BOOKMARK [2][-]{subsection.6.6}{Nonparametric\040methods}{section.6}% 23
\BOOKMARK [3][-]{subsubsection.6.6.1}{Kernel\040density\040estimators}{subsection.6.6}% 24
\BOOKMARK [3][-]{subsubsection.6.6.2}{Nearest-neighbour\040methods}{subsection.6.6}% 25
\BOOKMARK [2][-]{subsection.6.7}{Linear\040model\040for\040classification}{section.6}% 26
\BOOKMARK [3][-]{subsubsection.6.7.1}{Maximum\040likelihood\040and\040least\040squares}{subsection.6.7}% 27
\BOOKMARK [3][-]{subsubsection.6.7.2}{sequential\040learning}{subsection.6.7}% 28
\BOOKMARK [3][-]{subsubsection.6.7.3}{Regularized\040least\040squares}{subsection.6.7}% 29
\BOOKMARK [3][-]{subsubsection.6.7.4}{multiple\040outputs}{subsection.6.7}% 30
\BOOKMARK [2][-]{subsection.6.8}{model\040selection}{section.6}% 31
\BOOKMARK [2][-]{subsection.6.9}{decision\040theory}{section.6}% 32
\BOOKMARK [1][-]{section.7}{Statistical\040learning\040and\040modeling\040-\040Supervised\040learning}{}% 33
\BOOKMARK [2][-]{subsection.7.1}{Basic\040concepts}{section.7}% 34
\BOOKMARK [2][-]{subsection.7.2}{discriminant\040functions}{section.7}% 35
\BOOKMARK [3][-]{subsubsection.7.2.1}{Two\040classes}{subsection.7.2}% 36
\BOOKMARK [3][-]{subsubsection.7.2.2}{K-class}{subsection.7.2}% 37
\BOOKMARK [3][-]{subsubsection.7.2.3}{Learning\040the\040parameters\040of\040linear\040discriminant\040functions}{subsection.7.2}% 38
\BOOKMARK [2][-]{subsection.7.3}{probalibilistic\040generative\040models}{section.7}% 39
\BOOKMARK [2][-]{subsection.7.4}{probabilistic\040discriminative\040models}{section.7}% 40
\BOOKMARK [2][-]{subsection.7.5}{Boosting}{section.7}% 41
\BOOKMARK [3][-]{subsubsection.7.5.1}{AdaBoost}{subsection.7.5}% 42
\BOOKMARK [1][-]{section.8}{unsupervised\040learning\040-\040clustering\040em\040and\040PCA}{}% 43
\BOOKMARK [2][-]{subsection.8.1}{K-means\040clustering}{section.8}% 44
\BOOKMARK [2][-]{subsection.8.2}{Mixtures\040of\040Gaussians}{section.8}% 45
\BOOKMARK [2][-]{subsection.8.3}{An\040alternative\040view\040of\040EM}{section.8}% 46
\BOOKMARK [3][-]{subsubsection.8.3.1}{the\040general\040EM\040algorithm}{subsection.8.3}% 47
\BOOKMARK [3][-]{subsubsection.8.3.2}{Gaussian\040mixtures\040revisited}{subsection.8.3}% 48
\BOOKMARK [2][-]{subsection.8.4}{The\040EM\040in\040general}{section.8}% 49
\BOOKMARK [2][-]{subsection.8.5}{PCA}{section.8}% 50
\BOOKMARK [1][-]{section.9}{deep\040learning}{}% 51
\BOOKMARK [2][-]{subsection.9.1}{Neural\040networks}{section.9}% 52
\BOOKMARK [3][-]{subsubsection.9.1.1}{biological\040inspiration}{subsection.9.1}% 53
\BOOKMARK [3][-]{subsubsection.9.1.2}{feedforward\040NN}{subsection.9.1}% 54
\BOOKMARK [2][-]{subsection.9.2}{optimization\040and\040gradient\040descent}{section.9}% 55
\BOOKMARK [3][-]{subsubsection.9.2.1}{gradient\040descent}{subsection.9.2}% 56
\BOOKMARK [3][-]{subsubsection.9.2.2}{stocahstic\040gradient\040descent}{subsection.9.2}% 57
\BOOKMARK [3][-]{subsubsection.9.2.3}{backpropagation}{subsection.9.2}% 58
\BOOKMARK [2][-]{subsection.9.3}{convolutional\040neural\040network}{section.9}% 59
\BOOKMARK [3][-]{subsubsection.9.3.1}{basic\040concepts}{subsection.9.3}% 60
\BOOKMARK [3][-]{subsubsection.9.3.2}{case\040study:\040AlexNet,\040GoogLeNet,\040VGG}{subsection.9.3}% 61
\BOOKMARK [1][-]{section.10}{reinforcement\040learning}{}% 62
\BOOKMARK [1][-]{section.11}{wef}{}% 63
\BOOKMARK [2][-]{subsection.11.1}{wfe}{section.11}% 64
