\BOOKMARK [1][-]{section.1}{Chap1\040introduction}{}% 1
\BOOKMARK [1][-]{section.2}{chap2\040scanning}{}% 2
\BOOKMARK [1][-]{section.3}{Chap3\040context-free\040grammars\040and\040parsing}{}% 3
\BOOKMARK [2][-]{subsection.3.1}{context-free\040grammars}{section.3}% 4
\BOOKMARK [2][-]{subsection.3.2}{Parse\040tree\040and\040abstract\040syntax\040trees}{section.3}% 5
\BOOKMARK [3][-]{subsubsection.3.2.1}{parse\040tree}{subsection.3.2}% 6
\BOOKMARK [3][-]{subsubsection.3.2.2}{abstract\040symtax\040tree}{subsection.3.2}% 7
\BOOKMARK [2][-]{subsection.3.3}{Ambiguity}{section.3}% 8
\BOOKMARK [3][-]{subsubsection.3.3.1}{ambiguity\040grammars}{subsection.3.3}% 9
\BOOKMARK [3][-]{subsubsection.3.3.2}{precedence\040and\040associativity}{subsection.3.3}% 10
\BOOKMARK [3][-]{subsubsection.3.3.3}{the\040dangling\040else\040problem}{subsection.3.3}% 11
\BOOKMARK [3][-]{subsubsection.3.3.4}{inessential\040ambiguity}{subsection.3.3}% 12
\BOOKMARK [3][-]{subsubsection.3.3.5}{extended\040notations:\040EBNF\040and\040syntax\040diagrams}{subsection.3.3}% 13
\BOOKMARK [2][-]{subsection.3.4}{Formal\040properties\040of\040context-free\040language}{section.3}% 14
\BOOKMARK [1][-]{section.4}{Chap4\040top-down\040parsing}{}% 15
\BOOKMARK [2][-]{subsection.4.1}{Top-down\040parsing\040by\040recursive-descent}{section.4}% 16
\BOOKMARK [2][-]{subsection.4.2}{LL\(1\)\040parsing}{section.4}% 17
\BOOKMARK [3][-]{subsubsection.4.2.1}{LL\(1\)\040parsing\040table}{subsection.4.2}% 18
\BOOKMARK [3][-]{subsubsection.4.2.2}{left\040recursion\040removal\040and\040left\040factoring}{subsection.4.2}% 19
\BOOKMARK [3][-]{subsubsection.4.2.3}{Syntax\040tree\040construction\040in\040LL\(1\)\040parsing}{subsection.4.2}% 20
\BOOKMARK [2][-]{subsection.4.3}{First\040and\040follow\040sets}{section.4}% 21
\BOOKMARK [2][-]{subsection.4.4}{Error\040recovery\040in\040top-down\040parsers}{section.4}% 22
\BOOKMARK [1][-]{section.5}{Chap5\040Bottom-up\040parsing}{}% 23
\BOOKMARK [2][-]{subsection.5.1}{Overview\040of\040bottom-up\040parsing}{section.5}% 24
\BOOKMARK [2][-]{subsection.5.2}{Finite\040automata\040of\040LR\(0\)\040items\040and\040LR\(0\)\040parsing}{section.5}% 25
\BOOKMARK [3][-]{subsubsection.5.2.1}{Finite\040automata\040of\040items}{subsection.5.2}% 26
\BOOKMARK [3][-]{subsubsection.5.2.2}{The\040LR\(0\)\040parsing\040algorithm}{subsection.5.2}% 27
\BOOKMARK [2][-]{subsection.5.3}{SLR\(1\)\040Parsing\040\(simple\040LR\(1\)\)}{section.5}% 28
\BOOKMARK [3][-]{subsubsection.5.3.1}{disambiguating\040rules\040for\040parsing\040conflicts}{subsection.5.3}% 29
\BOOKMARK [3][-]{subsubsection.5.3.2}{limits\040of\040SLR\(1\)\040parsing\040power}{subsection.5.3}% 30
\BOOKMARK [2][-]{subsection.5.4}{General\040LR\(1\)\040and\040LALR\(1\)\040parsing}{section.5}% 31
\BOOKMARK [3][-]{subsubsection.5.4.1}{Finite\040automata\040of\040LR\(1\)\040items}{subsection.5.4}% 32
\BOOKMARK [3][-]{subsubsection.5.4.2}{The\040LR\(1\)\040parsing\040algorithm}{subsection.5.4}% 33
\BOOKMARK [2][-]{subsection.5.5}{LALR\(1\)\040parsing}{section.5}% 34
\BOOKMARK [2][-]{subsection.5.6}{Error\040recovery\040in\040Bottom-up\040parsers}{section.5}% 35
\BOOKMARK [1][-]{section.6}{chap6\040semantics\040analysis}{}% 36
\BOOKMARK [2][-]{subsection.6.1}{Attributes\040and\040attribute\040grammars}{section.6}% 37
\BOOKMARK [3][-]{subsubsection.6.1.1}{attribute\040grammars}{subsection.6.1}% 38
\BOOKMARK [3][-]{subsubsection.6.1.2}{simplifications\040and\040extensions\040to\040attribute\040grammars}{subsection.6.1}% 39
\BOOKMARK [2][-]{subsection.6.2}{Algorithms\040for\040attribute\040computation}{section.6}% 40
\BOOKMARK [3][-]{subsubsection.6.2.1}{dependency\040graphs\040and\040evaluation\040order}{subsection.6.2}% 41
\BOOKMARK [3][-]{subsubsection.6.2.2}{synthesized\040and\040inherited\040attributes}{subsection.6.2}% 42
\BOOKMARK [3][-]{subsubsection.6.2.3}{attributes\040as\040parameters\040and\040returned\040values}{subsection.6.2}% 43
\BOOKMARK [3][-]{subsubsection.6.2.4}{The\040use\040of\040external\040data\040structures\040to\040store\040attributes\040values}{subsection.6.2}% 44
\BOOKMARK [3][-]{subsubsection.6.2.5}{The\040computation\040of\040attributes\040during\040parsing}{subsection.6.2}% 45
\BOOKMARK [3][-]{subsubsection.6.2.6}{The\040dependence\040of\040attributes\040computation\040on\040the\040syntax}{subsection.6.2}% 46
\BOOKMARK [2][-]{subsection.6.3}{The\040Symbol\040Table}{section.6}% 47
\BOOKMARK [3][-]{subsubsection.6.3.1}{The\040structure\040of\040the\040symbol\040table}{subsection.6.3}% 48
\BOOKMARK [3][-]{subsubsection.6.3.2}{Declarations}{subsection.6.3}% 49
\BOOKMARK [3][-]{subsubsection.6.3.3}{Scope\040rules\040and\040block\040structure}{subsection.6.3}% 50
\BOOKMARK [3][-]{subsubsection.6.3.4}{interaction\040of\040same-level\040declarations}{subsection.6.3}% 51
\BOOKMARK [3][-]{subsubsection.6.3.5}{an\040extended\040example\040of\040an\040attribute\040grammar\040using\040a\040symbol\040table}{subsection.6.3}% 52
\BOOKMARK [2][-]{subsection.6.4}{Data\040types\040and\040type\040checking}{section.6}% 53
\BOOKMARK [3][-]{subsubsection.6.4.1}{type\040names,\040type\040declarations\040and\040recursive\040type}{subsection.6.4}% 54
\BOOKMARK [3][-]{subsubsection.6.4.2}{type\040equivalence}{subsection.6.4}% 55
\BOOKMARK [3][-]{subsubsection.6.4.3}{type\040inference\040and\040type\040checking}{subsection.6.4}% 56
\BOOKMARK [3][-]{subsubsection.6.4.4}{additional\040topics\040in\040type\040checking}{subsection.6.4}% 57
\BOOKMARK [1][-]{section.7}{Chap7\040runtime\040environments}{}% 58
\BOOKMARK [2][-]{subsection.7.1}{memory\040organization\040during\040program\040execution}{section.7}% 59
\BOOKMARK [2][-]{subsection.7.2}{fully\040static\040runtime\040environment}{section.7}% 60
\BOOKMARK [2][-]{subsection.7.3}{stack-based\040runtime\040environments}{section.7}% 61
\BOOKMARK [3][-]{subsubsection.7.3.1}{stack-based\040environments\040without\040local\040procedures}{subsection.7.3}% 62
