\BOOKMARK [1][-]{section.1}{Rough\040Sets\040on\040Fuzzy\040Approximation\040Spaces\040and\040Intuitionistic\040Fuzzy\040Approximation\040Spaces}{}% 1
\BOOKMARK [2][-]{subsection.1.1}{Introduction}{section.1}% 2
\BOOKMARK [3][-]{subsubsection.1.1.1}{Fuzzy\040Sets}{subsection.1.1}% 3
\BOOKMARK [3][-]{subsubsection.1.1.2}{Intuitionistic\040Fuzzy\040Sets}{subsection.1.1}% 4
\BOOKMARK [3][-]{subsubsection.1.1.3}{Rough\040set}{subsection.1.1}% 5
\BOOKMARK [3][-]{subsubsection.1.1.4}{Motivation}{subsection.1.1}% 6
\BOOKMARK [3][-]{subsubsection.1.1.5}{Fuzzy\040proximity\040relation}{subsection.1.1}% 7
\BOOKMARK [3][-]{subsubsection.1.1.6}{Intuitionistic\040fuzzy\040proximity\040relation}{subsection.1.1}% 8
\BOOKMARK [2][-]{subsection.1.2}{Rough\040Sets\040on\040Fuzzy\040Approximation}{section.1}% 9
\BOOKMARK [3][-]{subsubsection.1.2.1}{Preliminaries}{subsection.1.2}% 10
\BOOKMARK [3][-]{subsubsection.1.2.2}{Properties}{subsection.1.2}% 11
\BOOKMARK [3][-]{subsubsection.1.2.3}{Reduction\040of\040Knowledge\040in\040Fuzzy\040Approximation\040Spaces}{subsection.1.2}% 12
\BOOKMARK [3][-]{subsubsection.1.2.4}{Relative\040reducts\040and\040relative\040core\040of\040knowledge\040in\040fuzzy\040approximation\040spaces}{subsection.1.2}% 13
\BOOKMARK [3][-]{subsubsection.1.2.5}{Dependency\040of\040knowledge\040in\040fuzzy\040approximation\040spaces}{subsection.1.2}% 14
\BOOKMARK [3][-]{subsubsection.1.2.6}{partial\040dependency\040of\040knowledge\040in\040fuzzy\040approximation\040spaces}{subsection.1.2}% 15
\BOOKMARK [2][-]{subsection.1.3}{Rough\040Sets\040in\040Intuitionistic\040Fuzzy\040Approximation\040Spaces}{section.1}% 16
\BOOKMARK [3][-]{subsubsection.1.3.1}{knowledge\040reduction\040in\040IF-Approximation\040spaces}{subsection.1.3}% 17
\BOOKMARK [1][-]{section.2}{Granular\040structures\040and\040approximations\040in\040rough\040sets\040and\040knowledge\040spaces}{}% 18
\BOOKMARK [2][-]{subsection.2.1}{Introduction}{section.2}% 19
\BOOKMARK [2][-]{subsection.2.2}{Granular\040spaces}{section.2}% 20
\BOOKMARK [3][-]{subsubsection.2.2.1}{A\040Set-theoretic\040interpretation\040of\040granules}{subsection.2.2}% 21
\BOOKMARK [3][-]{subsubsection.2.2.2}{A\040formulation\040of\040granules\040as\040concept}{subsection.2.2}% 22
\BOOKMARK [3][-]{subsubsection.2.2.3}{Granular\040spaces\040and\040granular\040structures}{subsection.2.2}% 23
\BOOKMARK [2][-]{subsection.2.3}{Rough\040Set\040Analysis}{section.2}% 24
\BOOKMARK [3][-]{subsubsection.2.3.1}{Granular\040spaces\040and\040granular\040structures}{subsection.2.3}% 25
\BOOKMARK [3][-]{subsubsection.2.3.2}{Rough\040Set\040Approximation}{subsection.2.3}% 26
\BOOKMARK [2][-]{subsection.2.4}{Knowledge\040space\040theory}{section.2}% 27
\BOOKMARK [3][-]{subsubsection.2.4.1}{Granular\040spaces\040associated\040to\040surmise\040relations}{subsection.2.4}% 28
\BOOKMARK [1][-]{section.3}{On\040Approximation\040of\040classifications,\040Rough\040Equalities\040and\040Rough\040Equivalences}{}% 29
\BOOKMARK [1][-]{section.4}{A\040generic\040scheme\040for\040generating\040prediction\040rules\040using\040rough\040sets}{}% 30
\BOOKMARK [2][-]{subsection.4.1}{Rough\040set\040prediction\040model}{section.4}% 31
\BOOKMARK [3][-]{subsubsection.4.1.1}{Pre-processing\040phase}{subsection.4.1}% 32
\BOOKMARK [3][-]{subsubsection.4.1.2}{Classification\040and\040prediction\040phase}{subsection.4.1}% 33
