\BOOKMARK [1][-]{section.1}{Chap1\040Mathematical\040Preliminaries}{}% 1
\BOOKMARK [2][-]{subsection.1.1}{1.2\040Roundoff\040Errors\040and\040Computer\040Arithmetic}{section.1}% 2
\BOOKMARK [2][-]{subsection.1.2}{1.3\040ALgorithms\040and\040Convergence}{section.1}% 3
\BOOKMARK [1][-]{section.2}{Chap2\040Solutions\040of\040equations\040in\040one\040variable}{}% 4
\BOOKMARK [2][-]{subsection.2.1}{2.1\040Bisection\040method}{section.2}% 5
\BOOKMARK [2][-]{subsection.2.2}{2.2\040Fixed-Point\040Iteration}{section.2}% 6
\BOOKMARK [2][-]{subsection.2.3}{2.3\040Newton's\040method}{section.2}% 7
\BOOKMARK [2][-]{subsection.2.4}{2.4\040Error\040analysis\040for\040iterative\040methods}{section.2}% 8
\BOOKMARK [1][-]{section.3}{Chap3\040Interpolation\040and\040polynomial\040approximation}{}% 9
\BOOKMARK [2][-]{subsection.3.1}{3.1\040Interpolation\040and\040the\040Lagrange\040polynomial}{section.3}% 10
\BOOKMARK [2][-]{subsection.3.2}{3.2\040Divied\040differences}{section.3}% 11
\BOOKMARK [2][-]{subsection.3.3}{Additional\040Newton\040Interpolation}{section.3}% 12
\BOOKMARK [3][-]{subsubsection.3.3.1}{Simple\040idea}{subsection.3.3}% 13
\BOOKMARK [3][-]{subsubsection.3.3.2}{Basis\040transformation}{subsection.3.3}% 14
\BOOKMARK [2][-]{subsection.3.4}{3.3\040Hermite\040interpolation}{section.3}% 15
\BOOKMARK [2][-]{subsection.3.5}{3.4\040Cubic\040spline\040interpolation}{section.3}% 16
\BOOKMARK [1][-]{section.4}{chap4\040numerical\040differentiation\040and\040integration}{}% 17
\BOOKMARK [2][-]{subsection.4.1}{4.1\040numerical\040differentiation}{section.4}% 18
\BOOKMARK [2][-]{subsection.4.2}{4.3\040elements\040of\040numerical\040integration}{section.4}% 19
\BOOKMARK [1][-]{section.5}{Chap6\040Direct\040Methods\040for\040Solving\040Linear\040Systems}{}% 20
\BOOKMARK [2][-]{subsection.5.1}{6.1\040Linear\040Systems\040of\040Equations}{section.5}% 21
\BOOKMARK [2][-]{subsection.5.2}{6.2\040Pivoting\040Strategies}{section.5}% 22
\BOOKMARK [2][-]{subsection.5.3}{6.5\040Matrix\040Factorization}{section.5}% 23
\BOOKMARK [2][-]{subsection.5.4}{6.6\040Special\040Types\040of\040Matrices}{section.5}% 24
\BOOKMARK [1][-]{section.6}{Chap7\040Iterative\040techiniques\040in\040Matrix\040algebra}{}% 25
\BOOKMARK [2][-]{subsection.6.1}{7.1\040Norms\040of\040vectors\040and\040matrices}{section.6}% 26
\BOOKMARK [2][-]{subsection.6.2}{7.2\040Eigenvalues\040and\040Eigenvectors}{section.6}% 27
\BOOKMARK [2][-]{subsection.6.3}{7.3\040Iterative\040techniques\040for\040solving\040linear\040systems}{section.6}% 28
\BOOKMARK [2][-]{subsection.6.4}{7.4\040Error\040bounds\040and\040iterative\040refinement}{section.6}% 29
\BOOKMARK [1][-]{section.7}{Chap8\040Approximation\040theory}{}% 30
\BOOKMARK [2][-]{subsection.7.1}{8.1\040Discrete\040least\040squares\040approximation}{section.7}% 31
\BOOKMARK [2][-]{subsection.7.2}{8.2\040orthogonal\040polynomials\040and\040least\040squares\040approximation}{section.7}% 32
\BOOKMARK [2][-]{subsection.7.3}{8.3\040Chebyshev\040polynomials\040and\040economization\040of\040power\040series}{section.7}% 33
\BOOKMARK [1][-]{section.8}{chap9\040Approximating\040Eigenvalues}{}% 34
\BOOKMARK [2][-]{subsection.8.1}{9.3\040the\040power\040method}{section.8}% 35
\BOOKMARK [1][-]{section.9}{TODO\040ppt}{}% 36
\BOOKMARK [1][-]{section.10}{TODO\040hw\040[0/15]}{}% 37
