\BOOKMARK [1][-]{section.1}{Basic\040Concepts}{}% 1
\BOOKMARK [2][-]{subsection.1.1}{Modal\040Languages}{section.1}% 2
\BOOKMARK [2][-]{subsection.1.2}{Models\040and\040Frames}{section.1}% 3
\BOOKMARK [2][-]{subsection.1.3}{General\040Frames}{section.1}% 4
\BOOKMARK [1][-]{section.2}{Models}{}% 5
\BOOKMARK [2][-]{subsection.2.1}{Invariance\040Results}{section.2}% 6
\BOOKMARK [3][-]{subsubsection.2.1.1}{Disjoint\040Unions}{subsection.2.1}% 7
\BOOKMARK [3][-]{subsubsection.2.1.2}{Generated\040submodels}{subsection.2.1}% 8
\BOOKMARK [3][-]{subsubsection.2.1.3}{Morphism\040for\040modalities}{subsection.2.1}% 9
\BOOKMARK [2][-]{subsection.2.2}{Bisimulations}{section.2}% 10
\BOOKMARK [2][-]{subsection.2.3}{Finite\040Models}{section.2}% 11
\BOOKMARK [3][-]{subsubsection.2.3.1}{Selecting\040a\040finite\040submodel}{subsection.2.3}% 12
\BOOKMARK [3][-]{subsubsection.2.3.2}{Finite\040models\040via\040filtrations}{subsection.2.3}% 13
\BOOKMARK [2][-]{subsection.2.4}{The\040Standard\040Translation}{section.2}% 14
\BOOKMARK [2][-]{subsection.2.5}{Modal\040Saturation\040via\040Ultrafilter\040Extensions}{section.2}% 15
\BOOKMARK [3][-]{subsubsection.2.5.1}{M-saturation}{subsection.2.5}% 16
\BOOKMARK [3][-]{subsubsection.2.5.2}{Ultrafilter\040extensions}{subsection.2.5}% 17
\BOOKMARK [2][-]{subsection.2.6}{Characterization\040and\040Definability}{section.2}% 18
\BOOKMARK [3][-]{subsubsection.2.6.1}{The\040van\040Benthem\040Characterization\040Theorem}{subsection.2.6}% 19
\BOOKMARK [3][-]{subsubsection.2.6.2}{Ultraproducts}{subsection.2.6}% 20
\BOOKMARK [3][-]{subsubsection.2.6.3}{Definability}{subsection.2.6}% 21
\BOOKMARK [1][-]{section.3}{Frames}{}% 22
\BOOKMARK [2][-]{subsection.3.1}{Frame\040Definability}{section.3}% 23
\BOOKMARK [2][-]{subsection.3.2}{Frame\040Definability\040and\040Second-Order\040Logic}{section.3}% 24
