\BOOKMARK [1][-]{section.1}{\376\377\151\202\163\207\213\272\166\204\127\372\147\054\151\202\137\365}{}% 1
\BOOKMARK [2][-]{subsection.1.1}{\376\377\226\217\147\072\133\236\232\214}{section.1}% 2
\BOOKMARK [2][-]{subsection.1.2}{\376\377\150\067\147\054\172\172\225\364\060\001\226\217\147\072\116\213\116\366}{section.1}% 3
\BOOKMARK [2][-]{subsection.1.3}{\376\377\230\221\163\207\116\016\151\202\163\207}{section.1}% 4
\BOOKMARK [2][-]{subsection.1.4}{\376\377\173\111\123\357\200\375\151\202\127\213\377\010\123\344\121\170\151\202\127\213\377\011}{section.1}% 5
\BOOKMARK [2][-]{subsection.1.5}{\376\377\147\141\116\366\151\202\163\207}{section.1}% 6
\BOOKMARK [2][-]{subsection.1.6}{\376\377\162\354\172\313\140\047}{section.1}% 7
\BOOKMARK [1][-]{section.2}{\376\377\226\217\147\072\123\330\221\317\123\312\121\166\122\006\136\003}{}% 8
\BOOKMARK [2][-]{subsection.2.1}{\376\377\226\217\147\072\123\330\221\317}{section.2}% 9
\BOOKMARK [2][-]{subsection.2.2}{\376\377\171\273\145\143\127\213\226\217\147\072\123\330\221\317\123\312\121\166\122\006\136\003\137\213}{section.2}% 10
\BOOKMARK [3][-]{subsubsection.2.2.1}{\376\377\377\010\0000\000-\0001\377\011\122\006\136\003}{subsection.2.2}% 11
\BOOKMARK [3][-]{subsubsection.2.2.2}{\376\377\117\057\122\252\122\051\213\325\232\214\060\001\116\214\230\171\122\006\136\003}{subsection.2.2}% 12
\BOOKMARK [3][-]{subsubsection.2.2.3}{\376\377\154\312\147\176\122\006\136\003}{subsection.2.2}% 13
\BOOKMARK [2][-]{subsection.2.3}{\376\377\226\217\147\072\123\330\221\317\166\204\122\006\136\003\121\375\145\160}{section.2}% 14
\BOOKMARK [2][-]{subsection.2.4}{\376\377\217\336\176\355\127\213\226\217\147\072\123\330\221\317\123\312\121\166\151\202\163\207\133\306\136\246}{section.2}% 15
\BOOKMARK [3][-]{subsubsection.2.4.1}{\376\377\127\107\123\000\122\006\136\003}{subsection.2.4}% 16
\BOOKMARK [3][-]{subsubsection.2.4.2}{\376\377\143\007\145\160\122\006\136\003}{subsection.2.4}% 17
\BOOKMARK [3][-]{subsubsection.2.4.3}{\376\377\153\143\140\001\122\006\136\003}{subsection.2.4}% 18
\BOOKMARK [2][-]{subsection.2.5}{\376\377\226\217\147\072\123\330\221\317\166\204\121\375\145\160\166\204\122\006\136\003}{section.2}% 19
\BOOKMARK [1][-]{section.3}{\376\377\131\032\176\364\226\217\147\072\123\330\221\317\123\312\121\166\122\006\136\003}{}% 20
\BOOKMARK [2][-]{subsection.3.1}{\376\377\116\214\176\364\226\217\147\072\123\330\221\317}{section.3}% 21
\BOOKMARK [2][-]{subsection.3.2}{\376\377\217\271\177\030\122\006\136\003}{section.3}% 22
\BOOKMARK [2][-]{subsection.3.3}{\376\377\147\141\116\366\122\006\136\003}{section.3}% 23
\BOOKMARK [2][-]{subsection.3.4}{\376\377\166\370\116\222\162\354\172\313\166\204\226\217\147\072\123\330\221\317}{section.3}% 24
\BOOKMARK [2][-]{subsection.3.5}{\376\377\116\044\116\052\226\217\147\072\123\330\221\317\166\204\121\375\145\160\166\204\122\006\136\003}{section.3}% 25
\BOOKMARK [3][-]{subsubsection.3.5.1}{\376\377\000Z\000=\000X\000+\000Y\122\006\136\003}{subsection.3.5}% 26
\BOOKMARK [3][-]{subsubsection.3.5.2}{\376\377\000Z\000=\000Y\000X\000,\000Z\000=\000X\000Y\166\204\122\006\136\003}{subsection.3.5}% 27
\BOOKMARK [3][-]{subsubsection.3.5.3}{\376\377\000M\000=\000m\000a\000x\000\173\000X\000,\000Y\000\175\000,\000N\000=\000m\000i\000n\000\173\000X\000,\000Y\000\175\166\204\122\006\136\003}{subsection.3.5}% 28
\BOOKMARK [1][-]{section.4}{\376\377\226\217\147\072\123\330\221\317\166\204\145\160\133\127\162\171\137\201}{}% 29
\BOOKMARK [2][-]{subsection.4.1}{\376\377\145\160\133\146\147\037\147\033}{section.4}% 30
\BOOKMARK [2][-]{subsection.4.2}{\376\377\145\271\135\356}{section.4}% 31
\BOOKMARK [2][-]{subsection.4.3}{\376\377\123\117\145\271\135\356\123\312\166\370\121\163\174\373\145\160}{section.4}% 32
\BOOKMARK [2][-]{subsection.4.4}{\376\377\167\351\060\001\123\117\145\271\135\356\167\351\226\065}{section.4}% 33
\BOOKMARK [1][-]{section.5}{\376\377\131\047\145\160\133\232\137\213\123\312\116\055\137\303\147\201\226\120\133\232\164\006}{}% 34
\BOOKMARK [2][-]{subsection.5.1}{\376\377\131\047\145\160\133\232\137\213}{section.5}% 35
\BOOKMARK [2][-]{subsection.5.2}{\376\377\116\055\137\303\147\201\226\120\133\232\164\006}{section.5}% 36
\BOOKMARK [1][-]{section.6}{\376\377\150\067\147\054\123\312\142\275\150\067\122\006\136\003}{}% 37
\BOOKMARK [2][-]{subsection.6.1}{\376\377\226\217\147\072\150\067\147\054}{section.6}% 38
\BOOKMARK [2][-]{subsection.6.2}{\376\377\142\275\150\067\122\006\136\003}{section.6}% 39
\BOOKMARK [3][-]{subsubsection.6.2.1}{\376\377\003\307\0002\000\040\122\006\136\003}{subsection.6.2}% 40
\BOOKMARK [3][-]{subsubsection.6.2.2}{\376\377\000t\122\006\136\003}{subsection.6.2}% 41
\BOOKMARK [3][-]{subsubsection.6.2.3}{\376\377\000F\122\006\136\003}{subsection.6.2}% 42
\BOOKMARK [2][-]{subsection.6.3}{\376\377\153\143\140\001\140\073\117\123\166\204\150\067\147\054\127\107\120\074\116\016\150\067\147\054\145\271\135\356\166\204\122\006\136\003}{section.6}% 43
\BOOKMARK [1][-]{section.7}{\376\377\123\302\145\160\117\060\213\241}{}% 44
\BOOKMARK [2][-]{subsection.7.1}{\376\377\160\271\117\060\213\241}{section.7}% 45
\BOOKMARK [3][-]{subsubsection.7.1.1}{\376\377\167\351\117\060\213\241\154\325}{subsection.7.1}% 46
\BOOKMARK [3][-]{subsubsection.7.1.2}{\376\377\147\000\131\047\117\074\161\066\117\060\213\241\154\325}{subsection.7.1}% 47
\BOOKMARK [2][-]{subsection.7.2}{\376\377\127\372\116\216\142\052\134\076\150\067\147\054\166\204\147\000\131\047\117\074\161\066\117\060\213\241}{section.7}% 48
\BOOKMARK [2][-]{subsection.7.3}{\376\377\213\304\117\060\221\317\166\204\213\304\220\011\150\007\121\306}{section.7}% 49
\BOOKMARK [3][-]{subsubsection.7.3.1}{\376\377\145\340\120\117\140\047}{subsection.7.3}% 50
\BOOKMARK [3][-]{subsubsection.7.3.2}{\376\377\147\011\145\110\140\047}{subsection.7.3}% 51
\BOOKMARK [3][-]{subsubsection.7.3.3}{\376\377\166\370\124\010\140\047}{subsection.7.3}% 52
\BOOKMARK [2][-]{subsection.7.4}{\376\377\123\072\225\364\117\060\213\241}{section.7}% 53
\BOOKMARK [2][-]{subsection.7.5}{\376\377\153\143\140\001\140\073\117\123\127\107\120\074\116\016\145\271\135\356\166\204\123\072\225\364\117\060\213\241}{section.7}% 54
\BOOKMARK [3][-]{subsubsection.7.5.1}{\376\377\123\125\116\052\140\073\117\123\000N\000\050\003\274\000,\003\303\0002\000\051\166\204\140\305\121\265}{subsection.7.5}% 55
\BOOKMARK [3][-]{subsubsection.7.5.2}{\376\377\116\044\116\052\140\073\117\123\000N\000\050\003\274\0001\000,\003\303\0002\0001\000\051\000,\000N\000\050\003\274\0002\000,\003\303\0002\0002\000\051\166\204\140\305\121\265}{subsection.7.5}% 56
\BOOKMARK [2][-]{subsection.7.6}{\376\377\000\050\0000\000-\0001\000\051\122\006\136\003\123\302\145\160\166\204\123\072\225\364\117\060\213\241}{section.7}% 57
\BOOKMARK [2][-]{subsection.7.7}{\376\377\123\125\117\247\177\156\117\341\123\072\225\364}{section.7}% 58
\BOOKMARK [1][-]{section.8}{\376\377\120\107\213\276\150\300\232\214}{}% 59
\BOOKMARK [2][-]{subsection.8.1}{\376\377\120\107\213\276\150\300\232\214}{section.8}% 60
\BOOKMARK [2][-]{subsection.8.2}{\376\377\153\143\140\001\140\073\117\123\127\107\120\074\166\204\120\107\213\276\150\300\232\214}{section.8}% 61
