\BOOKMARK [1][-]{section.1}{\376\377\137\256\171\357\122\006}{}% 1
\BOOKMARK [2][-]{subsection.1.1}{\376\377\116\000\121\103\121\375\145\160\137\256\122\006}{section.1}% 2
\BOOKMARK [2][-]{subsection.1.2}{\376\377\116\000\121\103\121\375\145\160\171\357\122\006}{section.1}% 3
\BOOKMARK [2][-]{subsection.1.3}{\376\377\131\032\121\103\121\375\145\160\137\256\171\357\122\006\133\146}{section.1}% 4
\BOOKMARK [2][-]{subsection.1.4}{\376\377\145\340\172\167\176\247\145\160}{section.1}% 5
\BOOKMARK [2][-]{subsection.1.5}{\376\377\136\070\137\256\122\006\145\271\172\013\116\016\135\356\122\006\145\271\172\013}{section.1}% 6
\BOOKMARK [1][-]{section.2}{\376\377\176\277\140\047\116\343\145\160}{}% 7
\BOOKMARK [2][-]{subsection.2.1}{\376\377\210\114\122\027\137\017}{section.2}% 8
\BOOKMARK [2][-]{subsection.2.2}{\376\377\167\351\226\065}{section.2}% 9
\BOOKMARK [2][-]{subsection.2.3}{\376\377\176\277\140\047\145\271\172\013\176\304}{section.2}% 10
\BOOKMARK [2][-]{subsection.2.4}{\376\377\116\214\153\041\127\213}{section.2}% 11
\BOOKMARK [1][-]{section.3}{\376\377\151\202\163\207\213\272\116\016\145\160\164\006\176\337\213\241}{}% 12
\BOOKMARK [2][-]{subsection.3.1}{\376\377\226\217\147\072\116\213\116\366\116\016\151\202\163\207}{section.3}% 13
\BOOKMARK [2][-]{subsection.3.2}{\376\377\226\217\147\072\123\330\221\317\116\016\121\166\151\202\163\207\122\006\136\003}{section.3}% 14
\BOOKMARK [2][-]{subsection.3.3}{\376\377\131\032\176\364\226\217\147\072\123\330\221\317\123\312\121\166\122\006\136\003}{section.3}% 15
\BOOKMARK [2][-]{subsection.3.4}{\376\377\226\217\147\072\123\330\221\317\166\204\145\160\133\127\162\171\137\201}{section.3}% 16
\BOOKMARK [2][-]{subsection.3.5}{\376\377\131\047\145\160\133\232\137\213\124\214\116\055\137\303\147\201\226\120\133\232\164\006}{section.3}% 17
\BOOKMARK [2][-]{subsection.3.6}{\376\377\145\160\164\006\176\337\213\241\166\204\127\372\147\054\151\202\137\365}{section.3}% 18
\BOOKMARK [2][-]{subsection.3.7}{\376\377\123\302\145\160\117\060\213\241}{section.3}% 19
\BOOKMARK [1][-]{section.4}{\376\377\226\104\137\125}{}% 20
\BOOKMARK [2][-]{subsection.4.1}{\376\377\137\256\171\357\122\006}{section.4}% 21
\BOOKMARK [2][-]{subsection.4.2}{\376\377\176\277\140\047\116\343\145\160}{section.4}% 22
\BOOKMARK [2][-]{subsection.4.3}{\376\377\151\202\163\207\213\272}{section.4}% 23
