\BOOKMARK [1][-]{section.1}{Structures\040and\040Theories}{}% 1
\BOOKMARK [2][-]{subsection.1.1}{Languages\040and\040Structures}{section.1}% 2
\BOOKMARK [2][-]{subsection.1.2}{Theories}{section.1}% 3
\BOOKMARK [2][-]{subsection.1.3}{Definable\040Sets\040and\040Interpretability}{section.1}% 4
\BOOKMARK [2][-]{subsection.1.4}{Answers\040to\040Exercises}{section.1}% 5
\BOOKMARK [1][-]{section.2}{Basic\040Techniques}{}% 6
\BOOKMARK [2][-]{subsection.2.1}{The\040Compactness\040Theorem}{section.2}% 7
\BOOKMARK [3][-]{subsubsection.2.1.1}{Henkin\040Constructions}{subsection.2.1}% 8
\BOOKMARK [2][-]{subsection.2.2}{Complete\040Theories}{section.2}% 9
\BOOKMARK [2][-]{subsection.2.3}{Up\040and\040Down}{section.2}% 10
\BOOKMARK [2][-]{subsection.2.4}{Back\040and\040Forth}{section.2}% 11
\BOOKMARK [3][-]{subsubsection.2.4.1}{Dense\040Linear\040Orders}{subsection.2.4}% 12
\BOOKMARK [3][-]{subsubsection.2.4.2}{The\040Random\040Graph}{subsection.2.4}% 13
\BOOKMARK [3][-]{subsubsection.2.4.3}{\376\377\000E\000h\000r\000e\000n\000f\000e\000u\000c\000h\000t\000-\000F\000r\000a\000\357\000s\000s\000\351\000\040\000G\000a\000m\000e\000s}{subsection.2.4}% 14
\BOOKMARK [2][-]{subsection.2.5}{Exercises}{section.2}% 15
\BOOKMARK [1][-]{section.3}{Algebraic\040Examples}{}% 16
\BOOKMARK [2][-]{subsection.3.1}{Quantifier\040Elimination}{section.3}% 17
\BOOKMARK [3][-]{subsubsection.3.1.1}{Divisible\040Abelian\040Groups}{subsection.3.1}% 18
\BOOKMARK [3][-]{subsubsection.3.1.2}{Ordered\040Divisible\040Abelian\040Groups}{subsection.3.1}% 19
\BOOKMARK [3][-]{subsubsection.3.1.3}{Presburger\040Arithmetic}{subsection.3.1}% 20
\BOOKMARK [2][-]{subsection.3.2}{Algebraically\040Closed\040Fields}{section.3}% 21
\BOOKMARK [1][-]{section.4}{Set\040Theory}{}% 22
\BOOKMARK [2][-]{subsection.4.1}{Cardinal\040Arithmetic}{section.4}% 23
\BOOKMARK [1][-]{section.5}{Reference}{}% 24
\BOOKMARK [1][-]{section.6}{Index}{}% 25
\BOOKMARK [1][-]{section*.3}{}{}% 26
