\BOOKMARK [1][-]{section.1}{\376\377\000N\000o\000t\000a\000t\000i\000o\000n\000a\000l\000\040\000c\000o\000n\000v\000e\000n\000t\000i\000o\000n\000s}{}% 1
\BOOKMARK [1][-]{section.2}{\376\377\000L\000e\000c\000t\000u\000r\000e}{}% 2
\BOOKMARK [2][-]{subsection.2.1}{\376\377\000L\000e\000c\000t\000u\000r\000e\000\040\0001}{section.2}% 3
\BOOKMARK [1][-]{section.3}{\376\377\000B\000o\000o\000k}{}% 4
\BOOKMARK [2][-]{subsection.3.1}{\376\377\000C\000h\000a\000p\000t\000e\000r\000\040\0001\000:\000\040\000T\000h\000e\000\040\000c\000o\000m\000p\000u\000t\000a\000t\000i\000o\000n\000a\000l\000\040\000m\000o\000d\000e\000l}{section.3}% 5
\BOOKMARK [3][-]{subsubsection.3.1.1}{\376\377\000E\000f\000f\000i\000c\000i\000e\000n\000c\000y\000\040\000a\000n\000d\000\040\000R\000u\000n\000n\000i\000n\000g\000\040\000T\000i\000m\000e}{subsection.3.1}% 6
\BOOKMARK [3][-]{subsubsection.3.1.2}{\376\377\000M\000a\000c\000h\000i\000n\000e\000s\000\040\000a\000s\000\040\000S\000t\000r\000i\000n\000g\000s\000\040\000a\000n\000d\000\040\000t\000h\000e\000\040\000U\000n\000i\000v\000e\000r\000s\000a\000l\000\040\000T\000u\000r\000i\000n\000g\000\040\000M\000a\000c\000h\000i\000n\000e}{subsection.3.1}% 7
\BOOKMARK [3][-]{subsubsection.3.1.3}{\376\377\000U\000n\000c\000o\000m\000p\000u\000t\000a\000b\000l\000i\000t\000y\000:\000\040\000A\000n\000\040\000I\000n\000t\000r\000o\000d\000u\000c\000t\000i\000o\000n}{subsection.3.1}% 8
\BOOKMARK [3][-]{subsubsection.3.1.4}{\376\377\000T\000h\000e\000\040\000C\000l\000a\000s\000s\000\040\000P}{subsection.3.1}% 9
\BOOKMARK [2][-]{subsection.3.2}{\376\377\0002\000:\000\040\000N\000P\000\040\000a\000n\000d\000\040\000N\000P\000\040\000c\000o\000m\000p\000l\000e\000t\000e\000n\000e\000s\000s}{section.3}% 10
\BOOKMARK [3][-]{subsubsection.3.2.1}{\376\377\000T\000h\000e\000\040\000C\000l\000a\000s\000s\000\040\000N\000P}{subsection.3.2}% 11
\BOOKMARK [3][-]{subsubsection.3.2.2}{\376\377\000R\000e\000d\000u\000c\000i\000b\000i\000l\000i\000t\000y\000\040\000a\000n\000d\000\040\000N\000P\000-\000C\000o\000m\000p\000l\000e\000t\000e\000n\000e\000s\000s}{subsection.3.2}% 12
\BOOKMARK [3][-]{subsubsection.3.2.3}{\376\377\000T\000h\000e\000\040\000C\000o\000o\000k\000-\000L\000e\000v\000i\000n\000\040\000T\000h\000e\000o\000r\000e\000m\000:\000\040\000C\000o\000m\000p\000u\000t\000a\000t\000i\000o\000n\000\040\000i\000s\000\040\000L\000o\000c\000a\000l}{subsection.3.2}% 13
\BOOKMARK [3][-]{subsubsection.3.2.4}{\376\377\000T\000h\000e\000\040\000W\000e\000b\000\040\000o\000f\000\040\000R\000e\000d\000u\000c\000t\000i\000o\000n\000s}{subsection.3.2}% 14
\BOOKMARK [3][-]{subsubsection.3.2.5}{\376\377\000D\000e\000c\000i\000s\000i\000o\000n\000\040\000v\000e\000r\000s\000u\000s\000\040\000S\000e\000a\000r\000c\000h}{subsection.3.2}% 15
\BOOKMARK [3][-]{subsubsection.3.2.6}{\376\377\000C\000O\000N\000P\000,\000E\000X\000P\000\040\000a\000n\000d\000\040\000N\000E\000X\000P}{subsection.3.2}% 16
\BOOKMARK [3][-]{subsubsection.3.2.7}{\376\377\000E\000X\000P\000\040\000a\000n\000d\000\040\000N\000E\000X\000P}{subsection.3.2}% 17
\BOOKMARK [3][-]{subsubsection.3.2.8}{\376\377\000E\000x\000e\000r\000c\000i\000s\000e}{subsection.3.2}% 18
\BOOKMARK [2][-]{subsection.3.3}{\376\377\0004\000:\000\040\000S\000p\000a\000c\000e\000\040\000C\000o\000m\000p\000l\000e\000x\000i\000t\000y}{section.3}% 19
\BOOKMARK [3][-]{subsubsection.3.3.1}{\376\377\000D\000e\000f\000i\000n\000i\000t\000i\000o\000n\000\040\000o\000f\000\040\000S\000p\000a\000c\000e\000-\000B\000o\000u\000n\000d\000e\000d\000\040\000C\000o\000m\000p\000u\000t\000a\000t\000i\000o\000n}{subsection.3.3}% 20
