\BOOKMARK [1][-]{section.1}{\376\377\000T\000h\000e\000\040\000B\000a\000s\000i\000c\000s}{}% 1
\BOOKMARK [2][-]{subsection.1.1}{\376\377\000S\000t\000r\000u\000c\000t\000u\000r\000e\000s}{section.1}% 2
\BOOKMARK [2][-]{subsection.1.2}{\376\377\000L\000a\000n\000g\000u\000a\000g\000e}{section.1}% 3
\BOOKMARK [2][-]{subsection.1.3}{\376\377\000T\000h\000e\000o\000r\000i\000e\000s}{section.1}% 4
\BOOKMARK [1][-]{section.2}{\376\377\000E\000l\000e\000m\000e\000n\000t\000a\000r\000y\000\040\000E\000x\000t\000e\000n\000s\000i\000o\000n\000s\000\040\000a\000n\000d\000\040\000C\000o\000m\000p\000a\000c\000t\000n\000e\000s\000s}{}% 5
\BOOKMARK [2][-]{subsection.2.1}{\376\377\000E\000l\000e\000m\000e\000n\000t\000a\000r\000y\000\040\000s\000u\000b\000s\000t\000r\000u\000c\000t\000u\000r\000e\000s}{section.2}% 6
\BOOKMARK [2][-]{subsection.2.2}{\376\377\000T\000h\000e\000\040\000C\000o\000m\000p\000a\000c\000t\000n\000e\000s\000s\000\040\000T\000h\000e\000o\000r\000e\000m}{section.2}% 7
\BOOKMARK [2][-]{subsection.2.3}{\376\377\000T\000h\000e\000\040\000L\000\366\000w\000e\000n\000h\000e\000i\000m\000-\000S\000k\000o\000l\000e\000m\000\040\000T\000h\000e\000o\000r\000e\000m}{section.2}% 8
\BOOKMARK [1][-]{section.3}{\376\377\000Q\000u\000a\000n\000t\000i\000f\000i\000e\000r\000\040\000E\000l\000i\000m\000i\000n\000a\000t\000i\000o\000n}{}% 9
\BOOKMARK [2][-]{subsection.3.1}{\376\377\000P\000r\000e\000s\000e\000r\000v\000a\000t\000i\000o\000n\000\040\000t\000h\000e\000o\000r\000e\000m\000s}{section.3}% 10
\BOOKMARK [2][-]{subsection.3.2}{\376\377\000Q\000u\000a\000n\000t\000i\000f\000i\000e\000r\000\040\000e\000l\000i\000m\000i\000n\000a\000t\000i\000o\000n}{section.3}% 11
\BOOKMARK [2][-]{subsection.3.3}{\376\377\000E\000x\000a\000m\000p\000l\000e\000s}{section.3}% 12
\BOOKMARK [1][-]{section.4}{\376\377\000C\000o\000u\000n\000t\000a\000b\000l\000e\000\040\000M\000o\000d\000e\000l\000s}{}% 13
\BOOKMARK [2][-]{subsection.4.1}{\376\377\000T\000h\000e\000\040\000o\000m\000i\000t\000t\000i\000n\000g\000\040\000t\000y\000p\000e\000s\000\040\000t\000h\000e\000o\000r\000e\000m}{section.4}% 14
\BOOKMARK [2][-]{subsection.4.2}{\376\377\000T\000h\000e\000\040\000s\000p\000a\000c\000e\000\040\000o\000f\000\040\000t\000y\000p\000e\000s}{section.4}% 15
\BOOKMARK [2][-]{subsection.4.3}{\376\377\041\065\0000\000-\000c\000a\000t\000e\000g\000o\000r\000i\000c\000a\000l\000\040\000t\000h\000e\000o\000r\000i\000e\000s}{section.4}% 16
\BOOKMARK [2][-]{subsection.4.4}{\376\377\000T\000h\000e\000\040\000a\000m\000a\000l\000g\000a\000m\000a\000t\000i\000o\000n\000\040\000m\000e\000t\000h\000o\000d}{section.4}% 17
\BOOKMARK [2][-]{subsection.4.5}{\376\377\000P\000r\000i\000m\000e\000\040\000M\000o\000d\000e\000l\000s}{section.4}% 18
\BOOKMARK [1][-]{section.5}{\376\377\041\065\040\201\000-\000c\000a\000t\000e\000g\000o\000r\000i\000c\000a\000l\000\040\000T\000h\000e\000o\000r\000i\000e\000s}{}% 19
\BOOKMARK [2][-]{subsection.5.1}{\376\377\000I\000n\000d\000i\000s\000c\000e\000r\000n\000i\000b\000l\000e\000s}{section.5}% 20
\BOOKMARK [2][-]{subsection.5.2}{\376\377\003\311\000-\000s\000t\000a\000b\000l\000e\000\040\000t\000h\000e\000o\000r\000i\000e\000s}{section.5}% 21
\BOOKMARK [2][-]{subsection.5.3}{\376\377\000P\000r\000i\000m\000e\000\040\000e\000x\000t\000e\000n\000s\000i\000o\000n\000s}{section.5}% 22
\BOOKMARK [2][-]{subsection.5.4}{\376\377\000V\000a\000u\000g\000h\000t\000i\000a\000n\000\040\000p\000a\000i\000r\000s}{section.5}% 23
\BOOKMARK [1][-]{appendix.A}{\376\377\000F\000i\000e\000l\000d\000s}{}% 24
\BOOKMARK [2][-]{subsection.A.1}{\376\377\000O\000r\000d\000e\000r\000e\000d\000\040\000f\000i\000e\000l\000d\000s}{appendix.A}% 25
\BOOKMARK [1][-]{appendix.B}{\376\377\000T\000O\000D\000O\000\040\000D\000o\000n\000'\000t\000\040\000u\000n\000d\000e\000r\000s\000t\000a\000n\000d}{}% 26
